
 __________________________________________________________________________
 Running FIELD
 Sums modes, producing pressure

 Point source
 Omnidirectional source
 Coherent mode addition

 __________________________________________________________________________

 Number of Profile ranges, RProf =            1
 Profile ranges, RProf (km)
   0.00000    

 Range-independent calculation

 __________________________________________________________________________

 Number of Receiver ranges, Rr =          300
 Receiver ranges, Rr (km)
   0.00000      0.100334      0.200669      0.301003      0.401338    
  0.501672      0.602007      0.702341      0.802676      0.903010    
          ... 
   30.0000    


 __________________________________________________________________________

 Number of Source   depths, Sz =            1
 Source   depths, Sz (m)
   1500.00    


 __________________________________________________________________________

 Number of Receiver depths, Rz =            1
 Receiver depths, Rz (m)
   12.0000    


 __________________________________________________________________________

 Number of receiver range offsets (array tilt), Rro =            1
 receiver range offsets (array tilt), Rro (m)
   0.00000    


 Field completed successfully
