 _________________________________________________

 KRAKEN- Pekeris profile                                                         
 Nominal Frequency =   400.0    Hz
 NMedia    =   1


     C-Linear approximation to SSP
     Attenuation units: dB/wavelength


   z (m)     alphaR (m/s)   betaR  rho (g/cm^3)  alphaI     betaI

     VACUUM

       ( # mesh points =  1000  RMS roughness =  0.500     m )
 Warning in ReadEnvironmentMod : The roughness parameter exceeds the region of validity for the scatter approximation
      0.00      1500.00      0.00     1.00       0.0000    0.0000
      0.20      1500.00      0.00     1.00       0.0000    0.0000
      0.40      1500.00      0.00     1.00       0.0000    0.0000
      0.60      1500.00      0.00     1.00       0.0000    0.0000
      0.80      1500.00      0.00     1.00       0.0000    0.0000
      1.00      1500.00      0.00     1.00       0.0000    0.0000
      1.20      1500.00      0.00     1.00       0.0000    0.0000
      1.40      1500.00      0.00     1.00       0.0000    0.0000
      1.60      1500.00      0.00     1.00       0.0000    0.0000
      1.80      1500.00      0.00     1.00       0.0000    0.0000
      2.00      1500.00      0.00     1.00       0.0000    0.0000
      2.20      1500.00      0.00     1.00       0.0000    0.0000
      2.40      1500.00      0.00     1.00       0.0000    0.0000
      2.60      1500.00      0.00     1.00       0.0000    0.0000
      2.80      1500.00      0.00     1.00       0.0000    0.0000
      3.00      1500.00      0.00     1.00       0.0000    0.0000
      3.20      1500.00      0.00     1.00       0.0000    0.0000
      3.40      1500.00      0.00     1.00       0.0000    0.0000
      3.60      1500.00      0.00     1.00       0.0000    0.0000
      3.80      1500.00      0.00     1.00       0.0000    0.0000
      4.00      1500.00      0.00     1.00       0.0000    0.0000
      4.20      1500.00      0.00     1.00       0.0000    0.0000
      4.40      1500.00      0.00     1.00       0.0000    0.0000
      4.60      1500.00      0.00     1.00       0.0000    0.0000
      4.80      1500.00      0.00     1.00       0.0000    0.0000
      5.01      1500.00      0.00     1.00       0.0000    0.0000
      5.21      1500.00      0.00     1.00       0.0000    0.0000
      5.41      1500.00      0.00     1.00       0.0000    0.0000
      5.61      1500.00      0.00     1.00       0.0000    0.0000
      5.81      1500.00      0.00     1.00       0.0000    0.0000
      6.01      1500.00      0.00     1.00       0.0000    0.0000
      6.21      1500.00      0.00     1.00       0.0000    0.0000
      6.41      1500.00      0.00     1.00       0.0000    0.0000
      6.61      1500.00      0.00     1.00       0.0000    0.0000
      6.81      1500.00      0.00     1.00       0.0000    0.0000
      7.01      1500.00      0.00     1.00       0.0000    0.0000
      7.21      1500.00      0.00     1.00       0.0000    0.0000
      7.41      1500.00      0.00     1.00       0.0000    0.0000
      7.61      1500.00      0.00     1.00       0.0000    0.0000
      7.81      1500.00      0.00     1.00       0.0000    0.0000
      8.01      1500.00      0.00     1.00       0.0000    0.0000
      8.21      1500.00      0.00     1.00       0.0000    0.0000
      8.41      1500.00      0.00     1.00       0.0000    0.0000
      8.61      1500.00      0.00     1.00       0.0000    0.0000
      8.81      1500.00      0.00     1.00       0.0000    0.0000
      9.01      1500.00      0.00     1.00       0.0000    0.0000
      9.21      1500.00      0.00     1.00       0.0000    0.0000
      9.41      1500.00      0.00     1.00       0.0000    0.0000
      9.61      1500.00      0.00     1.00       0.0000    0.0000
      9.81      1500.00      0.00     1.00       0.0000    0.0000
     10.01      1500.00      0.00     1.00       0.0000    0.0000
     10.21      1500.00      0.00     1.00       0.0000    0.0000
     10.41      1500.00      0.00     1.00       0.0000    0.0000
     10.61      1500.00      0.00     1.00       0.0000    0.0000
     10.81      1500.00      0.00     1.00       0.0000    0.0000
     11.01      1500.00      0.00     1.00       0.0000    0.0000
     11.21      1500.00      0.00     1.00       0.0000    0.0000
     11.41      1500.00      0.00     1.00       0.0000    0.0000
     11.61      1500.00      0.00     1.00       0.0000    0.0000
     11.81      1500.00      0.00     1.00       0.0000    0.0000
     12.01      1500.00      0.00     1.00       0.0000    0.0000
     12.21      1500.00      0.00     1.00       0.0000    0.0000
     12.41      1500.00      0.00     1.00       0.0000    0.0000
     12.61      1500.00      0.00     1.00       0.0000    0.0000
     12.81      1500.00      0.00     1.00       0.0000    0.0000
     13.01      1500.00      0.00     1.00       0.0000    0.0000
     13.21      1500.00      0.00     1.00       0.0000    0.0000
     13.41      1500.00      0.00     1.00       0.0000    0.0000
     13.61      1500.00      0.00     1.00       0.0000    0.0000
     13.81      1500.00      0.00     1.00       0.0000    0.0000
     14.01      1500.00      0.00     1.00       0.0000    0.0000
     14.21      1500.00      0.00     1.00       0.0000    0.0000
     14.41      1500.00      0.00     1.00       0.0000    0.0000
     14.61      1500.00      0.00     1.00       0.0000    0.0000
     14.81      1500.00      0.00     1.00       0.0000    0.0000
     15.02      1500.00      0.00     1.00       0.0000    0.0000
     15.22      1500.00      0.00     1.00       0.0000    0.0000
     15.42      1500.00      0.00     1.00       0.0000    0.0000
     15.62      1500.00      0.00     1.00       0.0000    0.0000
     15.82      1500.00      0.00     1.00       0.0000    0.0000
     16.02      1500.00      0.00     1.00       0.0000    0.0000
     16.22      1500.00      0.00     1.00       0.0000    0.0000
     16.42      1500.00      0.00     1.00       0.0000    0.0000
     16.62      1500.00      0.00     1.00       0.0000    0.0000
     16.82      1500.00      0.00     1.00       0.0000    0.0000
     17.02      1500.00      0.00     1.00       0.0000    0.0000
     17.22      1500.00      0.00     1.00       0.0000    0.0000
     17.42      1500.00      0.00     1.00       0.0000    0.0000
     17.62      1500.00      0.00     1.00       0.0000    0.0000
     17.82      1500.00      0.00     1.00       0.0000    0.0000
     18.02      1500.00      0.00     1.00       0.0000    0.0000
     18.22      1500.00      0.00     1.00       0.0000    0.0000
     18.42      1500.00      0.00     1.00       0.0000    0.0000
     18.62      1500.00      0.00     1.00       0.0000    0.0000
     18.82      1500.00      0.00     1.00       0.0000    0.0000
     19.02      1500.00      0.00     1.00       0.0000    0.0000
     19.22      1500.00      0.00     1.00       0.0000    0.0000
     19.42      1500.00      0.00     1.00       0.0000    0.0000
     19.62      1500.00      0.00     1.00       0.0000    0.0000
     19.82      1500.00      0.00     1.00       0.0000    0.0000
     20.02      1500.00      0.00     1.00       0.0000    0.0000
     20.22      1500.00      0.00     1.00       0.0000    0.0000
     20.42      1500.00      0.00     1.00       0.0000    0.0000
     20.62      1500.00      0.00     1.00       0.0000    0.0000
     20.82      1500.00      0.00     1.00       0.0000    0.0000
     21.02      1500.00      0.00     1.00       0.0000    0.0000
     21.22      1500.00      0.00     1.00       0.0000    0.0000
     21.42      1500.00      0.00     1.00       0.0000    0.0000
     21.62      1500.00      0.00     1.00       0.0000    0.0000
     21.82      1500.00      0.00     1.00       0.0000    0.0000
     22.02      1500.00      0.00     1.00       0.0000    0.0000
     22.22      1500.00      0.00     1.00       0.0000    0.0000
     22.42      1500.00      0.00     1.00       0.0000    0.0000
     22.62      1500.00      0.00     1.00       0.0000    0.0000
     22.82      1500.00      0.00     1.00       0.0000    0.0000
     23.02      1500.00      0.00     1.00       0.0000    0.0000
     23.22      1500.00      0.00     1.00       0.0000    0.0000
     23.42      1500.00      0.00     1.00       0.0000    0.0000
     23.62      1500.00      0.00     1.00       0.0000    0.0000
     23.82      1500.00      0.00     1.00       0.0000    0.0000
     24.02      1500.00      0.00     1.00       0.0000    0.0000
     24.22      1500.00      0.00     1.00       0.0000    0.0000
     24.42      1500.00      0.00     1.00       0.0000    0.0000
     24.62      1500.00      0.00     1.00       0.0000    0.0000
     24.82      1500.00      0.00     1.00       0.0000    0.0000
     25.03      1500.00      0.00     1.00       0.0000    0.0000
     25.23      1500.00      0.00     1.00       0.0000    0.0000
     25.43      1500.00      0.00     1.00       0.0000    0.0000
     25.63      1500.00      0.00     1.00       0.0000    0.0000
     25.83      1500.00      0.00     1.00       0.0000    0.0000
     26.03      1500.00      0.00     1.00       0.0000    0.0000
     26.23      1500.00      0.00     1.00       0.0000    0.0000
     26.43      1500.00      0.00     1.00       0.0000    0.0000
     26.63      1500.00      0.00     1.00       0.0000    0.0000
     26.83      1500.00      0.00     1.00       0.0000    0.0000
     27.03      1500.00      0.00     1.00       0.0000    0.0000
     27.23      1500.00      0.00     1.00       0.0000    0.0000
     27.43      1500.00      0.00     1.00       0.0000    0.0000
     27.63      1500.00      0.00     1.00       0.0000    0.0000
     27.83      1500.00      0.00     1.00       0.0000    0.0000
     28.03      1500.00      0.00     1.00       0.0000    0.0000
     28.23      1500.00      0.00     1.00       0.0000    0.0000
     28.43      1500.00      0.00     1.00       0.0000    0.0000
     28.63      1500.00      0.00     1.00       0.0000    0.0000
     28.83      1500.00      0.00     1.00       0.0000    0.0000
     29.03      1500.00      0.00     1.00       0.0000    0.0000
     29.23      1500.00      0.00     1.00       0.0000    0.0000
     29.43      1500.00      0.00     1.00       0.0000    0.0000
     29.63      1500.00      0.00     1.00       0.0000    0.0000
     29.83      1500.00      0.00     1.00       0.0000    0.0000
     30.03      1500.00      0.00     1.00       0.0000    0.0000
     30.23      1500.00      0.00     1.00       0.0000    0.0000
     30.43      1500.00      0.00     1.00       0.0000    0.0000
     30.63      1500.00      0.00     1.00       0.0000    0.0000
     30.83      1500.00      0.00     1.00       0.0000    0.0000
     31.03      1500.00      0.00     1.00       0.0000    0.0000
     31.23      1500.00      0.00     1.00       0.0000    0.0000
     31.43      1500.00      0.00     1.00       0.0000    0.0000
     31.63      1500.00      0.00     1.00       0.0000    0.0000
     31.83      1500.00      0.00     1.00       0.0000    0.0000
     32.03      1500.00      0.00     1.00       0.0000    0.0000
     32.23      1500.00      0.00     1.00       0.0000    0.0000
     32.43      1500.00      0.00     1.00       0.0000    0.0000
     32.63      1500.00      0.00     1.00       0.0000    0.0000
     32.83      1500.00      0.00     1.00       0.0000    0.0000
     33.03      1500.00      0.00     1.00       0.0000    0.0000
     33.23      1500.00      0.00     1.00       0.0000    0.0000
     33.43      1500.00      0.00     1.00       0.0000    0.0000
     33.63      1500.00      0.00     1.00       0.0000    0.0000
     33.83      1500.00      0.00     1.00       0.0000    0.0000
     34.03      1500.00      0.00     1.00       0.0000    0.0000
     34.23      1500.00      0.00     1.00       0.0000    0.0000
     34.43      1500.00      0.00     1.00       0.0000    0.0000
     34.63      1500.00      0.00     1.00       0.0000    0.0000
     34.83      1500.00      0.00     1.00       0.0000    0.0000
     35.04      1500.00      0.00     1.00       0.0000    0.0000
     35.24      1500.00      0.00     1.00       0.0000    0.0000
     35.44      1500.00      0.00     1.00       0.0000    0.0000
     35.64      1500.00      0.00     1.00       0.0000    0.0000
     35.84      1500.00      0.00     1.00       0.0000    0.0000
     36.04      1500.00      0.00     1.00       0.0000    0.0000
     36.24      1500.00      0.00     1.00       0.0000    0.0000
     36.44      1500.00      0.00     1.00       0.0000    0.0000
     36.64      1500.00      0.00     1.00       0.0000    0.0000
     36.84      1500.00      0.00     1.00       0.0000    0.0000
     37.04      1500.00      0.00     1.00       0.0000    0.0000
     37.24      1500.00      0.00     1.00       0.0000    0.0000
     37.44      1500.00      0.00     1.00       0.0000    0.0000
     37.64      1500.00      0.00     1.00       0.0000    0.0000
     37.84      1500.00      0.00     1.00       0.0000    0.0000
     38.04      1500.00      0.00     1.00       0.0000    0.0000
     38.24      1500.00      0.00     1.00       0.0000    0.0000
     38.44      1500.00      0.00     1.00       0.0000    0.0000
     38.64      1500.00      0.00     1.00       0.0000    0.0000
     38.84      1500.00      0.00     1.00       0.0000    0.0000
     39.04      1500.00      0.00     1.00       0.0000    0.0000
     39.24      1500.00      0.00     1.00       0.0000    0.0000
     39.44      1500.00      0.00     1.00       0.0000    0.0000
     39.64      1500.00      0.00     1.00       0.0000    0.0000
     39.84      1500.00      0.00     1.00       0.0000    0.0000
     40.04      1500.00      0.00     1.00       0.0000    0.0000
     40.24      1500.00      0.00     1.00       0.0000    0.0000
     40.44      1500.00      0.00     1.00       0.0000    0.0000
     40.64      1500.00      0.00     1.00       0.0000    0.0000
     40.84      1500.00      0.00     1.00       0.0000    0.0000
     41.04      1500.00      0.00     1.00       0.0000    0.0000
     41.24      1500.00      0.00     1.00       0.0000    0.0000
     41.44      1500.00      0.00     1.00       0.0000    0.0000
     41.64      1500.00      0.00     1.00       0.0000    0.0000
     41.84      1500.00      0.00     1.00       0.0000    0.0000
     42.04      1500.00      0.00     1.00       0.0000    0.0000
     42.24      1500.00      0.00     1.00       0.0000    0.0000
     42.44      1500.00      0.00     1.00       0.0000    0.0000
     42.64      1500.00      0.00     1.00       0.0000    0.0000
     42.84      1500.00      0.00     1.00       0.0000    0.0000
     43.04      1500.00      0.00     1.00       0.0000    0.0000
     43.24      1500.00      0.00     1.00       0.0000    0.0000
     43.44      1500.00      0.00     1.00       0.0000    0.0000
     43.64      1500.00      0.00     1.00       0.0000    0.0000
     43.84      1500.00      0.00     1.00       0.0000    0.0000
     44.04      1500.00      0.00     1.00       0.0000    0.0000
     44.24      1500.00      0.00     1.00       0.0000    0.0000
     44.44      1500.00      0.00     1.00       0.0000    0.0000
     44.64      1500.00      0.00     1.00       0.0000    0.0000
     44.84      1500.00      0.00     1.00       0.0000    0.0000
     45.05      1500.00      0.00     1.00       0.0000    0.0000
     45.25      1500.00      0.00     1.00       0.0000    0.0000
     45.45      1500.00      0.00     1.00       0.0000    0.0000
     45.65      1500.00      0.00     1.00       0.0000    0.0000
     45.85      1500.00      0.00     1.00       0.0000    0.0000
     46.05      1500.00      0.00     1.00       0.0000    0.0000
     46.25      1500.00      0.00     1.00       0.0000    0.0000
     46.45      1500.00      0.00     1.00       0.0000    0.0000
     46.65      1500.00      0.00     1.00       0.0000    0.0000
     46.85      1500.00      0.00     1.00       0.0000    0.0000
     47.05      1500.00      0.00     1.00       0.0000    0.0000
     47.25      1500.00      0.00     1.00       0.0000    0.0000
     47.45      1500.00      0.00     1.00       0.0000    0.0000
     47.65      1500.00      0.00     1.00       0.0000    0.0000
     47.85      1500.00      0.00     1.00       0.0000    0.0000
     48.05      1500.00      0.00     1.00       0.0000    0.0000
     48.25      1500.00      0.00     1.00       0.0000    0.0000
     48.45      1500.00      0.00     1.00       0.0000    0.0000
     48.65      1500.00      0.00     1.00       0.0000    0.0000
     48.85      1500.00      0.00     1.00       0.0000    0.0000
     49.05      1500.00      0.00     1.00       0.0000    0.0000
     49.25      1500.00      0.00     1.00       0.0000    0.0000
     49.45      1500.00      0.00     1.00       0.0000    0.0000
     49.65      1500.00      0.00     1.00       0.0000    0.0000
     49.85      1500.00      0.00     1.00       0.0000    0.0000
     50.05      1500.00      0.00     1.00       0.0000    0.0000
     50.25      1500.00      0.00     1.00       0.0000    0.0000
     50.45      1500.00      0.00     1.00       0.0000    0.0000
     50.65      1500.00      0.00     1.00       0.0000    0.0000
     50.85      1500.00      0.00     1.00       0.0000    0.0000
     51.05      1500.00      0.00     1.00       0.0000    0.0000
     51.25      1500.00      0.00     1.00       0.0000    0.0000
     51.45      1500.00      0.00     1.00       0.0000    0.0000
     51.65      1500.00      0.00     1.00       0.0000    0.0000
     51.85      1500.00      0.00     1.00       0.0000    0.0000
     52.05      1500.00      0.00     1.00       0.0000    0.0000
     52.25      1500.00      0.00     1.00       0.0000    0.0000
     52.45      1500.00      0.00     1.00       0.0000    0.0000
     52.65      1500.00      0.00     1.00       0.0000    0.0000
     52.85      1500.00      0.00     1.00       0.0000    0.0000
     53.05      1500.00      0.00     1.00       0.0000    0.0000
     53.25      1500.00      0.00     1.00       0.0000    0.0000
     53.45      1500.00      0.00     1.00       0.0000    0.0000
     53.65      1500.00      0.00     1.00       0.0000    0.0000
     53.85      1500.00      0.00     1.00       0.0000    0.0000
     54.05      1500.00      0.00     1.00       0.0000    0.0000
     54.25      1500.00      0.00     1.00       0.0000    0.0000
     54.45      1500.00      0.00     1.00       0.0000    0.0000
     54.65      1500.00      0.00     1.00       0.0000    0.0000
     54.85      1500.00      0.00     1.00       0.0000    0.0000
     55.06      1500.00      0.00     1.00       0.0000    0.0000
     55.26      1500.00      0.00     1.00       0.0000    0.0000
     55.46      1500.00      0.00     1.00       0.0000    0.0000
     55.66      1500.00      0.00     1.00       0.0000    0.0000
     55.86      1500.00      0.00     1.00       0.0000    0.0000
     56.06      1500.00      0.00     1.00       0.0000    0.0000
     56.26      1500.00      0.00     1.00       0.0000    0.0000
     56.46      1500.00      0.00     1.00       0.0000    0.0000
     56.66      1500.00      0.00     1.00       0.0000    0.0000
     56.86      1500.00      0.00     1.00       0.0000    0.0000
     57.06      1500.00      0.00     1.00       0.0000    0.0000
     57.26      1500.00      0.00     1.00       0.0000    0.0000
     57.46      1500.00      0.00     1.00       0.0000    0.0000
     57.66      1500.00      0.00     1.00       0.0000    0.0000
     57.86      1500.00      0.00     1.00       0.0000    0.0000
     58.06      1500.00      0.00     1.00       0.0000    0.0000
     58.26      1500.00      0.00     1.00       0.0000    0.0000
     58.46      1500.00      0.00     1.00       0.0000    0.0000
     58.66      1500.00      0.00     1.00       0.0000    0.0000
     58.86      1500.00      0.00     1.00       0.0000    0.0000
     59.06      1500.00      0.00     1.00       0.0000    0.0000
     59.26      1500.00      0.00     1.00       0.0000    0.0000
     59.46      1500.00      0.00     1.00       0.0000    0.0000
     59.66      1500.00      0.00     1.00       0.0000    0.0000
     59.86      1500.00      0.00     1.00       0.0000    0.0000
     60.06      1500.00      0.00     1.00       0.0000    0.0000
     60.26      1500.00      0.00     1.00       0.0000    0.0000
     60.46      1500.00      0.00     1.00       0.0000    0.0000
     60.66      1500.00      0.00     1.00       0.0000    0.0000
     60.86      1500.00      0.00     1.00       0.0000    0.0000
     61.06      1500.00      0.00     1.00       0.0000    0.0000
     61.26      1500.00      0.00     1.00       0.0000    0.0000
     61.46      1500.00      0.00     1.00       0.0000    0.0000
     61.66      1500.00      0.00     1.00       0.0000    0.0000
     61.86      1500.00      0.00     1.00       0.0000    0.0000
     62.06      1500.00      0.00     1.00       0.0000    0.0000
     62.26      1500.00      0.00     1.00       0.0000    0.0000
     62.46      1500.00      0.00     1.00       0.0000    0.0000
     62.66      1500.00      0.00     1.00       0.0000    0.0000
     62.86      1500.00      0.00     1.00       0.0000    0.0000
     63.06      1500.00      0.00     1.00       0.0000    0.0000
     63.26      1500.00      0.00     1.00       0.0000    0.0000
     63.46      1500.00      0.00     1.00       0.0000    0.0000
     63.66      1500.00      0.00     1.00       0.0000    0.0000
     63.86      1500.00      0.00     1.00       0.0000    0.0000
     64.06      1500.00      0.00     1.00       0.0000    0.0000
     64.26      1500.00      0.00     1.00       0.0000    0.0000
     64.46      1500.00      0.00     1.00       0.0000    0.0000
     64.66      1500.00      0.00     1.00       0.0000    0.0000
     64.86      1500.00      0.00     1.00       0.0000    0.0000
     65.07      1500.00      0.00     1.00       0.0000    0.0000
     65.27      1500.00      0.00     1.00       0.0000    0.0000
     65.47      1500.00      0.00     1.00       0.0000    0.0000
     65.67      1500.00      0.00     1.00       0.0000    0.0000
     65.87      1500.00      0.00     1.00       0.0000    0.0000
     66.07      1500.00      0.00     1.00       0.0000    0.0000
     66.27      1500.00      0.00     1.00       0.0000    0.0000
     66.47      1500.00      0.00     1.00       0.0000    0.0000
     66.67      1500.00      0.00     1.00       0.0000    0.0000
     66.87      1500.00      0.00     1.00       0.0000    0.0000
     67.07      1500.00      0.00     1.00       0.0000    0.0000
     67.27      1500.00      0.00     1.00       0.0000    0.0000
     67.47      1500.00      0.00     1.00       0.0000    0.0000
     67.67      1500.00      0.00     1.00       0.0000    0.0000
     67.87      1500.00      0.00     1.00       0.0000    0.0000
     68.07      1500.00      0.00     1.00       0.0000    0.0000
     68.27      1500.00      0.00     1.00       0.0000    0.0000
     68.47      1500.00      0.00     1.00       0.0000    0.0000
     68.67      1500.00      0.00     1.00       0.0000    0.0000
     68.87      1500.00      0.00     1.00       0.0000    0.0000
     69.07      1500.00      0.00     1.00       0.0000    0.0000
     69.27      1500.00      0.00     1.00       0.0000    0.0000
     69.47      1500.00      0.00     1.00       0.0000    0.0000
     69.67      1500.00      0.00     1.00       0.0000    0.0000
     69.87      1500.00      0.00     1.00       0.0000    0.0000
     70.07      1500.00      0.00     1.00       0.0000    0.0000
     70.27      1500.00      0.00     1.00       0.0000    0.0000
     70.47      1500.00      0.00     1.00       0.0000    0.0000
     70.67      1500.00      0.00     1.00       0.0000    0.0000
     70.87      1500.00      0.00     1.00       0.0000    0.0000
     71.07      1500.00      0.00     1.00       0.0000    0.0000
     71.27      1500.00      0.00     1.00       0.0000    0.0000
     71.47      1500.00      0.00     1.00       0.0000    0.0000
     71.67      1500.00      0.00     1.00       0.0000    0.0000
     71.87      1500.00      0.00     1.00       0.0000    0.0000
     72.07      1500.00      0.00     1.00       0.0000    0.0000
     72.27      1500.00      0.00     1.00       0.0000    0.0000
     72.47      1500.00      0.00     1.00       0.0000    0.0000
     72.67      1500.00      0.00     1.00       0.0000    0.0000
     72.87      1500.00      0.00     1.00       0.0000    0.0000
     73.07      1500.00      0.00     1.00       0.0000    0.0000
     73.27      1500.00      0.00     1.00       0.0000    0.0000
     73.47      1500.00      0.00     1.00       0.0000    0.0000
     73.67      1500.00      0.00     1.00       0.0000    0.0000
     73.87      1500.00      0.00     1.00       0.0000    0.0000
     74.07      1500.00      0.00     1.00       0.0000    0.0000
     74.27      1500.00      0.00     1.00       0.0000    0.0000
     74.47      1500.00      0.00     1.00       0.0000    0.0000
     74.67      1500.00      0.00     1.00       0.0000    0.0000
     74.87      1500.00      0.00     1.00       0.0000    0.0000
     75.08      1500.00      0.00     1.00       0.0000    0.0000
     75.28      1500.00      0.00     1.00       0.0000    0.0000
     75.48      1500.00      0.00     1.00       0.0000    0.0000
     75.68      1500.00      0.00     1.00       0.0000    0.0000
     75.88      1500.00      0.00     1.00       0.0000    0.0000
     76.08      1500.00      0.00     1.00       0.0000    0.0000
     76.28      1500.00      0.00     1.00       0.0000    0.0000
     76.48      1500.00      0.00     1.00       0.0000    0.0000
     76.68      1500.00      0.00     1.00       0.0000    0.0000
     76.88      1500.00      0.00     1.00       0.0000    0.0000
     77.08      1500.00      0.00     1.00       0.0000    0.0000
     77.28      1500.00      0.00     1.00       0.0000    0.0000
     77.48      1500.00      0.00     1.00       0.0000    0.0000
     77.68      1500.00      0.00     1.00       0.0000    0.0000
     77.88      1500.00      0.00     1.00       0.0000    0.0000
     78.08      1500.00      0.00     1.00       0.0000    0.0000
     78.28      1500.00      0.00     1.00       0.0000    0.0000
     78.48      1500.00      0.00     1.00       0.0000    0.0000
     78.68      1500.00      0.00     1.00       0.0000    0.0000
     78.88      1500.00      0.00     1.00       0.0000    0.0000
     79.08      1500.00      0.00     1.00       0.0000    0.0000
     79.28      1500.00      0.00     1.00       0.0000    0.0000
     79.48      1500.00      0.00     1.00       0.0000    0.0000
     79.68      1500.00      0.00     1.00       0.0000    0.0000
     79.88      1500.00      0.00     1.00       0.0000    0.0000
     80.08      1500.00      0.00     1.00       0.0000    0.0000
     80.28      1500.00      0.00     1.00       0.0000    0.0000
     80.48      1500.00      0.00     1.00       0.0000    0.0000
     80.68      1500.00      0.00     1.00       0.0000    0.0000
     80.88      1500.00      0.00     1.00       0.0000    0.0000
     81.08      1500.00      0.00     1.00       0.0000    0.0000
     81.28      1500.00      0.00     1.00       0.0000    0.0000
     81.48      1500.00      0.00     1.00       0.0000    0.0000
     81.68      1500.00      0.00     1.00       0.0000    0.0000
     81.88      1500.00      0.00     1.00       0.0000    0.0000
     82.08      1500.00      0.00     1.00       0.0000    0.0000
     82.28      1500.00      0.00     1.00       0.0000    0.0000
     82.48      1500.00      0.00     1.00       0.0000    0.0000
     82.68      1500.00      0.00     1.00       0.0000    0.0000
     82.88      1500.00      0.00     1.00       0.0000    0.0000
     83.08      1500.00      0.00     1.00       0.0000    0.0000
     83.28      1500.00      0.00     1.00       0.0000    0.0000
     83.48      1500.00      0.00     1.00       0.0000    0.0000
     83.68      1500.00      0.00     1.00       0.0000    0.0000
     83.88      1500.00      0.00     1.00       0.0000    0.0000
     84.08      1500.00      0.00     1.00       0.0000    0.0000
     84.28      1500.00      0.00     1.00       0.0000    0.0000
     84.48      1500.00      0.00     1.00       0.0000    0.0000
     84.68      1500.00      0.00     1.00       0.0000    0.0000
     84.88      1500.00      0.00     1.00       0.0000    0.0000
     85.09      1500.00      0.00     1.00       0.0000    0.0000
     85.29      1500.00      0.00     1.00       0.0000    0.0000
     85.49      1500.00      0.00     1.00       0.0000    0.0000
     85.69      1500.00      0.00     1.00       0.0000    0.0000
     85.89      1500.00      0.00     1.00       0.0000    0.0000
     86.09      1500.00      0.00     1.00       0.0000    0.0000
     86.29      1500.00      0.00     1.00       0.0000    0.0000
     86.49      1500.00      0.00     1.00       0.0000    0.0000
     86.69      1500.00      0.00     1.00       0.0000    0.0000
     86.89      1500.00      0.00     1.00       0.0000    0.0000
     87.09      1500.00      0.00     1.00       0.0000    0.0000
     87.29      1500.00      0.00     1.00       0.0000    0.0000
     87.49      1500.00      0.00     1.00       0.0000    0.0000
     87.69      1500.00      0.00     1.00       0.0000    0.0000
     87.89      1500.00      0.00     1.00       0.0000    0.0000
     88.09      1500.00      0.00     1.00       0.0000    0.0000
     88.29      1500.00      0.00     1.00       0.0000    0.0000
     88.49      1500.00      0.00     1.00       0.0000    0.0000
     88.69      1500.00      0.00     1.00       0.0000    0.0000
     88.89      1500.00      0.00     1.00       0.0000    0.0000
     89.09      1500.00      0.00     1.00       0.0000    0.0000
     89.29      1500.00      0.00     1.00       0.0000    0.0000
     89.49      1500.00      0.00     1.00       0.0000    0.0000
     89.69      1500.00      0.00     1.00       0.0000    0.0000
     89.89      1500.00      0.00     1.00       0.0000    0.0000
     90.09      1500.00      0.00     1.00       0.0000    0.0000
     90.29      1500.00      0.00     1.00       0.0000    0.0000
     90.49      1500.00      0.00     1.00       0.0000    0.0000
     90.69      1500.00      0.00     1.00       0.0000    0.0000
     90.89      1500.00      0.00     1.00       0.0000    0.0000
     91.09      1500.00      0.00     1.00       0.0000    0.0000
     91.29      1500.00      0.00     1.00       0.0000    0.0000
     91.49      1500.00      0.00     1.00       0.0000    0.0000
     91.69      1500.00      0.00     1.00       0.0000    0.0000
     91.89      1500.00      0.00     1.00       0.0000    0.0000
     92.09      1500.00      0.00     1.00       0.0000    0.0000
     92.29      1500.00      0.00     1.00       0.0000    0.0000
     92.49      1500.00      0.00     1.00       0.0000    0.0000
     92.69      1500.00      0.00     1.00       0.0000    0.0000
     92.89      1500.00      0.00     1.00       0.0000    0.0000
     93.09      1500.00      0.00     1.00       0.0000    0.0000
     93.29      1500.00      0.00     1.00       0.0000    0.0000
     93.49      1500.00      0.00     1.00       0.0000    0.0000
     93.69      1500.00      0.00     1.00       0.0000    0.0000
     93.89      1500.00      0.00     1.00       0.0000    0.0000
     94.09      1500.00      0.00     1.00       0.0000    0.0000
     94.29      1500.00      0.00     1.00       0.0000    0.0000
     94.49      1500.00      0.00     1.00       0.0000    0.0000
     94.69      1500.00      0.00     1.00       0.0000    0.0000
     94.89      1500.00      0.00     1.00       0.0000    0.0000
     95.10      1500.00      0.00     1.00       0.0000    0.0000
     95.30      1500.00      0.00     1.00       0.0000    0.0000
     95.50      1500.00      0.00     1.00       0.0000    0.0000
     95.70      1500.00      0.00     1.00       0.0000    0.0000
     95.90      1500.00      0.00     1.00       0.0000    0.0000
     96.10      1500.00      0.00     1.00       0.0000    0.0000
     96.30      1500.00      0.00     1.00       0.0000    0.0000
     96.50      1500.00      0.00     1.00       0.0000    0.0000
     96.70      1500.00      0.00     1.00       0.0000    0.0000
     96.90      1500.00      0.00     1.00       0.0000    0.0000
     97.10      1500.00      0.00     1.00       0.0000    0.0000
     97.30      1500.00      0.00     1.00       0.0000    0.0000
     97.50      1500.00      0.00     1.00       0.0000    0.0000
     97.70      1500.00      0.00     1.00       0.0000    0.0000
     97.90      1500.00      0.00     1.00       0.0000    0.0000
     98.10      1500.00      0.00     1.00       0.0000    0.0000
     98.30      1500.00      0.00     1.00       0.0000    0.0000
     98.50      1500.00      0.00     1.00       0.0000    0.0000
     98.70      1500.00      0.00     1.00       0.0000    0.0000
     98.90      1500.00      0.00     1.00       0.0000    0.0000
     99.10      1500.00      0.00     1.00       0.0000    0.0000
     99.30      1500.00      0.00     1.00       0.0000    0.0000
     99.50      1500.00      0.00     1.00       0.0000    0.0000
     99.70      1500.00      0.00     1.00       0.0000    0.0000
     99.90      1500.00      0.00     1.00       0.0000    0.0000
    100.10      1500.00      0.00     1.00       0.0000    0.0000
    100.30      1500.00      0.00     1.00       0.0000    0.0000
    100.50      1500.00      0.00     1.00       0.0000    0.0000
    100.70      1500.00      0.00     1.00       0.0000    0.0000
    100.90      1500.00      0.00     1.00       0.0000    0.0000
    101.10      1500.00      0.00     1.00       0.0000    0.0000
    101.30      1500.00      0.00     1.00       0.0000    0.0000
    101.50      1500.00      0.00     1.00       0.0000    0.0000
    101.70      1500.00      0.00     1.00       0.0000    0.0000
    101.90      1500.00      0.00     1.00       0.0000    0.0000
    102.10      1500.00      0.00     1.00       0.0000    0.0000
    102.30      1500.00      0.00     1.00       0.0000    0.0000
    102.50      1500.00      0.00     1.00       0.0000    0.0000
    102.70      1500.00      0.00     1.00       0.0000    0.0000
    102.90      1500.00      0.00     1.00       0.0000    0.0000
    103.10      1500.00      0.00     1.00       0.0000    0.0000
    103.30      1500.00      0.00     1.00       0.0000    0.0000
    103.50      1500.00      0.00     1.00       0.0000    0.0000
    103.70      1500.00      0.00     1.00       0.0000    0.0000
    103.90      1500.00      0.00     1.00       0.0000    0.0000
    104.10      1500.00      0.00     1.00       0.0000    0.0000
    104.30      1500.00      0.00     1.00       0.0000    0.0000
    104.50      1500.00      0.00     1.00       0.0000    0.0000
    104.70      1500.00      0.00     1.00       0.0000    0.0000
    104.90      1500.00      0.00     1.00       0.0000    0.0000
    105.11      1500.00      0.00     1.00       0.0000    0.0000
    105.31      1500.00      0.00     1.00       0.0000    0.0000
    105.51      1500.00      0.00     1.00       0.0000    0.0000
    105.71      1500.00      0.00     1.00       0.0000    0.0000
    105.91      1500.00      0.00     1.00       0.0000    0.0000
    106.11      1500.00      0.00     1.00       0.0000    0.0000
    106.31      1500.00      0.00     1.00       0.0000    0.0000
    106.51      1500.00      0.00     1.00       0.0000    0.0000
    106.71      1500.00      0.00     1.00       0.0000    0.0000
    106.91      1500.00      0.00     1.00       0.0000    0.0000
    107.11      1500.00      0.00     1.00       0.0000    0.0000
    107.31      1500.00      0.00     1.00       0.0000    0.0000
    107.51      1500.00      0.00     1.00       0.0000    0.0000
    107.71      1500.00      0.00     1.00       0.0000    0.0000
    107.91      1500.00      0.00     1.00       0.0000    0.0000
    108.11      1500.00      0.00     1.00       0.0000    0.0000
    108.31      1500.00      0.00     1.00       0.0000    0.0000
    108.51      1500.00      0.00     1.00       0.0000    0.0000
    108.71      1500.00      0.00     1.00       0.0000    0.0000
    108.91      1500.00      0.00     1.00       0.0000    0.0000
    109.11      1500.00      0.00     1.00       0.0000    0.0000
    109.31      1500.00      0.00     1.00       0.0000    0.0000
    109.51      1500.00      0.00     1.00       0.0000    0.0000
    109.71      1500.00      0.00     1.00       0.0000    0.0000
    109.91      1500.00      0.00     1.00       0.0000    0.0000
    110.11      1500.00      0.00     1.00       0.0000    0.0000
    110.31      1500.00      0.00     1.00       0.0000    0.0000
    110.51      1500.00      0.00     1.00       0.0000    0.0000
    110.71      1500.00      0.00     1.00       0.0000    0.0000
    110.91      1500.00      0.00     1.00       0.0000    0.0000
    111.11      1500.00      0.00     1.00       0.0000    0.0000
    111.31      1500.00      0.00     1.00       0.0000    0.0000
    111.51      1500.00      0.00     1.00       0.0000    0.0000
    111.71      1500.00      0.00     1.00       0.0000    0.0000
    111.91      1500.00      0.00     1.00       0.0000    0.0000
    112.11      1500.00      0.00     1.00       0.0000    0.0000
    112.31      1500.00      0.00     1.00       0.0000    0.0000
    112.51      1500.00      0.00     1.00       0.0000    0.0000
    112.71      1500.00      0.00     1.00       0.0000    0.0000
    112.91      1500.00      0.00     1.00       0.0000    0.0000
    113.11      1500.00      0.00     1.00       0.0000    0.0000
    113.31      1500.00      0.00     1.00       0.0000    0.0000
    113.51      1500.00      0.00     1.00       0.0000    0.0000
    113.71      1500.00      0.00     1.00       0.0000    0.0000
    113.91      1500.00      0.00     1.00       0.0000    0.0000
    114.11      1500.00      0.00     1.00       0.0000    0.0000
    114.31      1500.00      0.00     1.00       0.0000    0.0000
    114.51      1500.00      0.00     1.00       0.0000    0.0000
    114.71      1500.00      0.00     1.00       0.0000    0.0000
    114.91      1500.00      0.00     1.00       0.0000    0.0000
    115.12      1500.00      0.00     1.00       0.0000    0.0000
    115.32      1500.00      0.00     1.00       0.0000    0.0000
    115.52      1500.00      0.00     1.00       0.0000    0.0000
    115.72      1500.00      0.00     1.00       0.0000    0.0000
    115.92      1500.00      0.00     1.00       0.0000    0.0000
    116.12      1500.00      0.00     1.00       0.0000    0.0000
    116.32      1500.00      0.00     1.00       0.0000    0.0000
    116.52      1500.00      0.00     1.00       0.0000    0.0000
    116.72      1500.00      0.00     1.00       0.0000    0.0000
    116.92      1500.00      0.00     1.00       0.0000    0.0000
    117.12      1500.00      0.00     1.00       0.0000    0.0000
    117.32      1500.00      0.00     1.00       0.0000    0.0000
    117.52      1500.00      0.00     1.00       0.0000    0.0000
    117.72      1500.00      0.00     1.00       0.0000    0.0000
    117.92      1500.00      0.00     1.00       0.0000    0.0000
    118.12      1500.00      0.00     1.00       0.0000    0.0000
    118.32      1500.00      0.00     1.00       0.0000    0.0000
    118.52      1500.00      0.00     1.00       0.0000    0.0000
    118.72      1500.00      0.00     1.00       0.0000    0.0000
    118.92      1500.00      0.00     1.00       0.0000    0.0000
    119.12      1500.00      0.00     1.00       0.0000    0.0000
    119.32      1500.00      0.00     1.00       0.0000    0.0000
    119.52      1500.00      0.00     1.00       0.0000    0.0000
    119.72      1500.00      0.00     1.00       0.0000    0.0000
    119.92      1500.00      0.00     1.00       0.0000    0.0000
    120.12      1500.00      0.00     1.00       0.0000    0.0000
    120.32      1500.00      0.00     1.00       0.0000    0.0000
    120.52      1500.00      0.00     1.00       0.0000    0.0000
    120.72      1500.00      0.00     1.00       0.0000    0.0000
    120.92      1500.00      0.00     1.00       0.0000    0.0000
    121.12      1500.00      0.00     1.00       0.0000    0.0000
    121.32      1500.00      0.00     1.00       0.0000    0.0000
    121.52      1500.00      0.00     1.00       0.0000    0.0000
    121.72      1500.00      0.00     1.00       0.0000    0.0000
    121.92      1500.00      0.00     1.00       0.0000    0.0000
    122.12      1500.00      0.00     1.00       0.0000    0.0000
    122.32      1500.00      0.00     1.00       0.0000    0.0000
    122.52      1500.00      0.00     1.00       0.0000    0.0000
    122.72      1500.00      0.00     1.00       0.0000    0.0000
    122.92      1500.00      0.00     1.00       0.0000    0.0000
    123.12      1500.00      0.00     1.00       0.0000    0.0000
    123.32      1500.00      0.00     1.00       0.0000    0.0000
    123.52      1500.00      0.00     1.00       0.0000    0.0000
    123.72      1500.00      0.00     1.00       0.0000    0.0000
    123.92      1500.00      0.00     1.00       0.0000    0.0000
    124.12      1500.00      0.00     1.00       0.0000    0.0000
    124.32      1500.00      0.00     1.00       0.0000    0.0000
    124.52      1500.00      0.00     1.00       0.0000    0.0000
    124.72      1500.00      0.00     1.00       0.0000    0.0000
    124.92      1500.00      0.00     1.00       0.0000    0.0000
    125.13      1500.00      0.00     1.00       0.0000    0.0000
    125.33      1500.00      0.00     1.00       0.0000    0.0000
    125.53      1500.00      0.00     1.00       0.0000    0.0000
    125.73      1500.00      0.00     1.00       0.0000    0.0000
    125.93      1500.00      0.00     1.00       0.0000    0.0000
    126.13      1500.00      0.00     1.00       0.0000    0.0000
    126.33      1500.00      0.00     1.00       0.0000    0.0000
    126.53      1500.00      0.00     1.00       0.0000    0.0000
    126.73      1500.00      0.00     1.00       0.0000    0.0000
    126.93      1500.00      0.00     1.00       0.0000    0.0000
    127.13      1500.00      0.00     1.00       0.0000    0.0000
    127.33      1500.00      0.00     1.00       0.0000    0.0000
    127.53      1500.00      0.00     1.00       0.0000    0.0000
    127.73      1500.00      0.00     1.00       0.0000    0.0000
    127.93      1500.00      0.00     1.00       0.0000    0.0000
    128.13      1500.00      0.00     1.00       0.0000    0.0000
    128.33      1500.00      0.00     1.00       0.0000    0.0000
    128.53      1500.00      0.00     1.00       0.0000    0.0000
    128.73      1500.00      0.00     1.00       0.0000    0.0000
    128.93      1500.00      0.00     1.00       0.0000    0.0000
    129.13      1500.00      0.00     1.00       0.0000    0.0000
    129.33      1500.00      0.00     1.00       0.0000    0.0000
    129.53      1500.00      0.00     1.00       0.0000    0.0000
    129.73      1500.00      0.00     1.00       0.0000    0.0000
    129.93      1500.00      0.00     1.00       0.0000    0.0000
    130.13      1500.00      0.00     1.00       0.0000    0.0000
    130.33      1500.00      0.00     1.00       0.0000    0.0000
    130.53      1500.00      0.00     1.00       0.0000    0.0000
    130.73      1500.00      0.00     1.00       0.0000    0.0000
    130.93      1500.00      0.00     1.00       0.0000    0.0000
    131.13      1500.00      0.00     1.00       0.0000    0.0000
    131.33      1500.00      0.00     1.00       0.0000    0.0000
    131.53      1500.00      0.00     1.00       0.0000    0.0000
    131.73      1500.00      0.00     1.00       0.0000    0.0000
    131.93      1500.00      0.00     1.00       0.0000    0.0000
    132.13      1500.00      0.00     1.00       0.0000    0.0000
    132.33      1500.00      0.00     1.00       0.0000    0.0000
    132.53      1500.00      0.00     1.00       0.0000    0.0000
    132.73      1500.00      0.00     1.00       0.0000    0.0000
    132.93      1500.00      0.00     1.00       0.0000    0.0000
    133.13      1500.00      0.00     1.00       0.0000    0.0000
    133.33      1500.00      0.00     1.00       0.0000    0.0000
    133.53      1500.00      0.00     1.00       0.0000    0.0000
    133.73      1500.00      0.00     1.00       0.0000    0.0000
    133.93      1500.00      0.00     1.00       0.0000    0.0000
    134.13      1500.00      0.00     1.00       0.0000    0.0000
    134.33      1500.00      0.00     1.00       0.0000    0.0000
    134.53      1500.00      0.00     1.00       0.0000    0.0000
    134.73      1500.00      0.00     1.00       0.0000    0.0000
    134.93      1500.00      0.00     1.00       0.0000    0.0000
    135.14      1500.00      0.00     1.00       0.0000    0.0000
    135.34      1500.00      0.00     1.00       0.0000    0.0000
    135.54      1500.00      0.00     1.00       0.0000    0.0000
    135.74      1500.00      0.00     1.00       0.0000    0.0000
    135.94      1500.00      0.00     1.00       0.0000    0.0000
    136.14      1500.00      0.00     1.00       0.0000    0.0000
    136.34      1500.00      0.00     1.00       0.0000    0.0000
    136.54      1500.00      0.00     1.00       0.0000    0.0000
    136.74      1500.00      0.00     1.00       0.0000    0.0000
    136.94      1500.00      0.00     1.00       0.0000    0.0000
    137.14      1500.00      0.00     1.00       0.0000    0.0000
    137.34      1500.00      0.00     1.00       0.0000    0.0000
    137.54      1500.00      0.00     1.00       0.0000    0.0000
    137.74      1500.00      0.00     1.00       0.0000    0.0000
    137.94      1500.00      0.00     1.00       0.0000    0.0000
    138.14      1500.00      0.00     1.00       0.0000    0.0000
    138.34      1500.00      0.00     1.00       0.0000    0.0000
    138.54      1500.00      0.00     1.00       0.0000    0.0000
    138.74      1500.00      0.00     1.00       0.0000    0.0000
    138.94      1500.00      0.00     1.00       0.0000    0.0000
    139.14      1500.00      0.00     1.00       0.0000    0.0000
    139.34      1500.00      0.00     1.00       0.0000    0.0000
    139.54      1500.00      0.00     1.00       0.0000    0.0000
    139.74      1500.00      0.00     1.00       0.0000    0.0000
    139.94      1500.00      0.00     1.00       0.0000    0.0000
    140.14      1500.00      0.00     1.00       0.0000    0.0000
    140.34      1500.00      0.00     1.00       0.0000    0.0000
    140.54      1500.00      0.00     1.00       0.0000    0.0000
    140.74      1500.00      0.00     1.00       0.0000    0.0000
    140.94      1500.00      0.00     1.00       0.0000    0.0000
    141.14      1500.00      0.00     1.00       0.0000    0.0000
    141.34      1500.00      0.00     1.00       0.0000    0.0000
    141.54      1500.00      0.00     1.00       0.0000    0.0000
    141.74      1500.00      0.00     1.00       0.0000    0.0000
    141.94      1500.00      0.00     1.00       0.0000    0.0000
    142.14      1500.00      0.00     1.00       0.0000    0.0000
    142.34      1500.00      0.00     1.00       0.0000    0.0000
    142.54      1500.00      0.00     1.00       0.0000    0.0000
    142.74      1500.00      0.00     1.00       0.0000    0.0000
    142.94      1500.00      0.00     1.00       0.0000    0.0000
    143.14      1500.00      0.00     1.00       0.0000    0.0000
    143.34      1500.00      0.00     1.00       0.0000    0.0000
    143.54      1500.00      0.00     1.00       0.0000    0.0000
    143.74      1500.00      0.00     1.00       0.0000    0.0000
    143.94      1500.00      0.00     1.00       0.0000    0.0000
    144.14      1500.00      0.00     1.00       0.0000    0.0000
    144.34      1500.00      0.00     1.00       0.0000    0.0000
    144.54      1500.00      0.00     1.00       0.0000    0.0000
    144.74      1500.00      0.00     1.00       0.0000    0.0000
    144.94      1500.00      0.00     1.00       0.0000    0.0000
    145.15      1500.00      0.00     1.00       0.0000    0.0000
    145.35      1500.00      0.00     1.00       0.0000    0.0000
    145.55      1500.00      0.00     1.00       0.0000    0.0000
    145.75      1500.00      0.00     1.00       0.0000    0.0000
    145.95      1500.00      0.00     1.00       0.0000    0.0000
    146.15      1500.00      0.00     1.00       0.0000    0.0000
    146.35      1500.00      0.00     1.00       0.0000    0.0000
    146.55      1500.00      0.00     1.00       0.0000    0.0000
    146.75      1500.00      0.00     1.00       0.0000    0.0000
    146.95      1500.00      0.00     1.00       0.0000    0.0000
    147.15      1500.00      0.00     1.00       0.0000    0.0000
    147.35      1500.00      0.00     1.00       0.0000    0.0000
    147.55      1500.00      0.00     1.00       0.0000    0.0000
    147.75      1500.00      0.00     1.00       0.0000    0.0000
    147.95      1500.00      0.00     1.00       0.0000    0.0000
    148.15      1500.00      0.00     1.00       0.0000    0.0000
    148.35      1500.00      0.00     1.00       0.0000    0.0000
    148.55      1500.00      0.00     1.00       0.0000    0.0000
    148.75      1500.00      0.00     1.00       0.0000    0.0000
    148.95      1500.00      0.00     1.00       0.0000    0.0000
    149.15      1500.00      0.00     1.00       0.0000    0.0000
    149.35      1500.00      0.00     1.00       0.0000    0.0000
    149.55      1500.00      0.00     1.00       0.0000    0.0000
    149.75      1500.00      0.00     1.00       0.0000    0.0000
    149.95      1500.00      0.00     1.00       0.0000    0.0000
    150.15      1500.00      0.00     1.00       0.0000    0.0000
    150.35      1500.00      0.00     1.00       0.0000    0.0000
    150.55      1500.00      0.00     1.00       0.0000    0.0000
    150.75      1500.00      0.00     1.00       0.0000    0.0000
    150.95      1500.00      0.00     1.00       0.0000    0.0000
    151.15      1500.00      0.00     1.00       0.0000    0.0000
    151.35      1500.00      0.00     1.00       0.0000    0.0000
    151.55      1500.00      0.00     1.00       0.0000    0.0000
    151.75      1500.00      0.00     1.00       0.0000    0.0000
    151.95      1500.00      0.00     1.00       0.0000    0.0000
    152.15      1500.00      0.00     1.00       0.0000    0.0000
    152.35      1500.00      0.00     1.00       0.0000    0.0000
    152.55      1500.00      0.00     1.00       0.0000    0.0000
    152.75      1500.00      0.00     1.00       0.0000    0.0000
    152.95      1500.00      0.00     1.00       0.0000    0.0000
    153.15      1500.00      0.00     1.00       0.0000    0.0000
    153.35      1500.00      0.00     1.00       0.0000    0.0000
    153.55      1500.00      0.00     1.00       0.0000    0.0000
    153.75      1500.00      0.00     1.00       0.0000    0.0000
    153.95      1500.00      0.00     1.00       0.0000    0.0000
    154.15      1500.00      0.00     1.00       0.0000    0.0000
    154.35      1500.00      0.00     1.00       0.0000    0.0000
    154.55      1500.00      0.00     1.00       0.0000    0.0000
    154.75      1500.00      0.00     1.00       0.0000    0.0000
    154.95      1500.00      0.00     1.00       0.0000    0.0000
    155.16      1500.00      0.00     1.00       0.0000    0.0000
    155.36      1500.00      0.00     1.00       0.0000    0.0000
    155.56      1500.00      0.00     1.00       0.0000    0.0000
    155.76      1500.00      0.00     1.00       0.0000    0.0000
    155.96      1500.00      0.00     1.00       0.0000    0.0000
    156.16      1500.00      0.00     1.00       0.0000    0.0000
    156.36      1500.00      0.00     1.00       0.0000    0.0000
    156.56      1500.00      0.00     1.00       0.0000    0.0000
    156.76      1500.00      0.00     1.00       0.0000    0.0000
    156.96      1500.00      0.00     1.00       0.0000    0.0000
    157.16      1500.00      0.00     1.00       0.0000    0.0000
    157.36      1500.00      0.00     1.00       0.0000    0.0000
    157.56      1500.00      0.00     1.00       0.0000    0.0000
    157.76      1500.00      0.00     1.00       0.0000    0.0000
    157.96      1500.00      0.00     1.00       0.0000    0.0000
    158.16      1500.00      0.00     1.00       0.0000    0.0000
    158.36      1500.00      0.00     1.00       0.0000    0.0000
    158.56      1500.00      0.00     1.00       0.0000    0.0000
    158.76      1500.00      0.00     1.00       0.0000    0.0000
    158.96      1500.00      0.00     1.00       0.0000    0.0000
    159.16      1500.00      0.00     1.00       0.0000    0.0000
    159.36      1500.00      0.00     1.00       0.0000    0.0000
    159.56      1500.00      0.00     1.00       0.0000    0.0000
    159.76      1500.00      0.00     1.00       0.0000    0.0000
    159.96      1500.00      0.00     1.00       0.0000    0.0000
    160.16      1500.00      0.00     1.00       0.0000    0.0000
    160.36      1500.00      0.00     1.00       0.0000    0.0000
    160.56      1500.00      0.00     1.00       0.0000    0.0000
    160.76      1500.00      0.00     1.00       0.0000    0.0000
    160.96      1500.00      0.00     1.00       0.0000    0.0000
    161.16      1500.00      0.00     1.00       0.0000    0.0000
    161.36      1500.00      0.00     1.00       0.0000    0.0000
    161.56      1500.00      0.00     1.00       0.0000    0.0000
    161.76      1500.00      0.00     1.00       0.0000    0.0000
    161.96      1500.00      0.00     1.00       0.0000    0.0000
    162.16      1500.00      0.00     1.00       0.0000    0.0000
    162.36      1500.00      0.00     1.00       0.0000    0.0000
    162.56      1500.00      0.00     1.00       0.0000    0.0000
    162.76      1500.00      0.00     1.00       0.0000    0.0000
    162.96      1500.00      0.00     1.00       0.0000    0.0000
    163.16      1500.00      0.00     1.00       0.0000    0.0000
    163.36      1500.00      0.00     1.00       0.0000    0.0000
    163.56      1500.00      0.00     1.00       0.0000    0.0000
    163.76      1500.00      0.00     1.00       0.0000    0.0000
    163.96      1500.00      0.00     1.00       0.0000    0.0000
    164.16      1500.00      0.00     1.00       0.0000    0.0000
    164.36      1500.00      0.00     1.00       0.0000    0.0000
    164.56      1500.00      0.00     1.00       0.0000    0.0000
    164.76      1500.00      0.00     1.00       0.0000    0.0000
    164.96      1500.00      0.00     1.00       0.0000    0.0000
    165.17      1500.00      0.00     1.00       0.0000    0.0000
    165.37      1500.00      0.00     1.00       0.0000    0.0000
    165.57      1500.00      0.00     1.00       0.0000    0.0000
    165.77      1500.00      0.00     1.00       0.0000    0.0000
    165.97      1500.00      0.00     1.00       0.0000    0.0000
    166.17      1500.00      0.00     1.00       0.0000    0.0000
    166.37      1500.00      0.00     1.00       0.0000    0.0000
    166.57      1500.00      0.00     1.00       0.0000    0.0000
    166.77      1500.00      0.00     1.00       0.0000    0.0000
    166.97      1500.00      0.00     1.00       0.0000    0.0000
    167.17      1500.00      0.00     1.00       0.0000    0.0000
    167.37      1500.00      0.00     1.00       0.0000    0.0000
    167.57      1500.00      0.00     1.00       0.0000    0.0000
    167.77      1500.00      0.00     1.00       0.0000    0.0000
    167.97      1500.00      0.00     1.00       0.0000    0.0000
    168.17      1500.00      0.00     1.00       0.0000    0.0000
    168.37      1500.00      0.00     1.00       0.0000    0.0000
    168.57      1500.00      0.00     1.00       0.0000    0.0000
    168.77      1500.00      0.00     1.00       0.0000    0.0000
    168.97      1500.00      0.00     1.00       0.0000    0.0000
    169.17      1500.00      0.00     1.00       0.0000    0.0000
    169.37      1500.00      0.00     1.00       0.0000    0.0000
    169.57      1500.00      0.00     1.00       0.0000    0.0000
    169.77      1500.00      0.00     1.00       0.0000    0.0000
    169.97      1500.00      0.00     1.00       0.0000    0.0000
    170.17      1500.00      0.00     1.00       0.0000    0.0000
    170.37      1500.00      0.00     1.00       0.0000    0.0000
    170.57      1500.00      0.00     1.00       0.0000    0.0000
    170.77      1500.00      0.00     1.00       0.0000    0.0000
    170.97      1500.00      0.00     1.00       0.0000    0.0000
    171.17      1500.00      0.00     1.00       0.0000    0.0000
    171.37      1500.00      0.00     1.00       0.0000    0.0000
    171.57      1500.00      0.00     1.00       0.0000    0.0000
    171.77      1500.00      0.00     1.00       0.0000    0.0000
    171.97      1500.00      0.00     1.00       0.0000    0.0000
    172.17      1500.00      0.00     1.00       0.0000    0.0000
    172.37      1500.00      0.00     1.00       0.0000    0.0000
    172.57      1500.00      0.00     1.00       0.0000    0.0000
    172.77      1500.00      0.00     1.00       0.0000    0.0000
    172.97      1500.00      0.00     1.00       0.0000    0.0000
    173.17      1500.00      0.00     1.00       0.0000    0.0000
    173.37      1500.00      0.00     1.00       0.0000    0.0000
    173.57      1500.00      0.00     1.00       0.0000    0.0000
    173.77      1500.00      0.00     1.00       0.0000    0.0000
    173.97      1500.00      0.00     1.00       0.0000    0.0000
    174.17      1500.00      0.00     1.00       0.0000    0.0000
    174.37      1500.00      0.00     1.00       0.0000    0.0000
    174.57      1500.00      0.00     1.00       0.0000    0.0000
    174.77      1500.00      0.00     1.00       0.0000    0.0000
    174.97      1500.00      0.00     1.00       0.0000    0.0000
    175.18      1500.00      0.00     1.00       0.0000    0.0000
    175.38      1500.00      0.00     1.00       0.0000    0.0000
    175.58      1500.00      0.00     1.00       0.0000    0.0000
    175.78      1500.00      0.00     1.00       0.0000    0.0000
    175.98      1500.00      0.00     1.00       0.0000    0.0000
    176.18      1500.00      0.00     1.00       0.0000    0.0000
    176.38      1500.00      0.00     1.00       0.0000    0.0000
    176.58      1500.00      0.00     1.00       0.0000    0.0000
    176.78      1500.00      0.00     1.00       0.0000    0.0000
    176.98      1500.00      0.00     1.00       0.0000    0.0000
    177.18      1500.00      0.00     1.00       0.0000    0.0000
    177.38      1500.00      0.00     1.00       0.0000    0.0000
    177.58      1500.00      0.00     1.00       0.0000    0.0000
    177.78      1500.00      0.00     1.00       0.0000    0.0000
    177.98      1500.00      0.00     1.00       0.0000    0.0000
    178.18      1500.00      0.00     1.00       0.0000    0.0000
    178.38      1500.00      0.00     1.00       0.0000    0.0000
    178.58      1500.00      0.00     1.00       0.0000    0.0000
    178.78      1500.00      0.00     1.00       0.0000    0.0000
    178.98      1500.00      0.00     1.00       0.0000    0.0000
    179.18      1500.00      0.00     1.00       0.0000    0.0000
    179.38      1500.00      0.00     1.00       0.0000    0.0000
    179.58      1500.00      0.00     1.00       0.0000    0.0000
    179.78      1500.00      0.00     1.00       0.0000    0.0000
    179.98      1500.00      0.00     1.00       0.0000    0.0000
    180.18      1500.00      0.00     1.00       0.0000    0.0000
    180.38      1500.00      0.00     1.00       0.0000    0.0000
    180.58      1500.00      0.00     1.00       0.0000    0.0000
    180.78      1500.00      0.00     1.00       0.0000    0.0000
    180.98      1500.00      0.00     1.00       0.0000    0.0000
    181.18      1500.00      0.00     1.00       0.0000    0.0000
    181.38      1500.00      0.00     1.00       0.0000    0.0000
    181.58      1500.00      0.00     1.00       0.0000    0.0000
    181.78      1500.00      0.00     1.00       0.0000    0.0000
    181.98      1500.00      0.00     1.00       0.0000    0.0000
    182.18      1500.00      0.00     1.00       0.0000    0.0000
    182.38      1500.00      0.00     1.00       0.0000    0.0000
    182.58      1500.00      0.00     1.00       0.0000    0.0000
    182.78      1500.00      0.00     1.00       0.0000    0.0000
    182.98      1500.00      0.00     1.00       0.0000    0.0000
    183.18      1500.00      0.00     1.00       0.0000    0.0000
    183.38      1500.00      0.00     1.00       0.0000    0.0000
    183.58      1500.00      0.00     1.00       0.0000    0.0000
    183.78      1500.00      0.00     1.00       0.0000    0.0000
    183.98      1500.00      0.00     1.00       0.0000    0.0000
    184.18      1500.00      0.00     1.00       0.0000    0.0000
    184.38      1500.00      0.00     1.00       0.0000    0.0000
    184.58      1500.00      0.00     1.00       0.0000    0.0000
    184.78      1500.00      0.00     1.00       0.0000    0.0000
    184.98      1500.00      0.00     1.00       0.0000    0.0000
    185.19      1500.00      0.00     1.00       0.0000    0.0000
    185.39      1500.00      0.00     1.00       0.0000    0.0000
    185.59      1500.00      0.00     1.00       0.0000    0.0000
    185.79      1500.00      0.00     1.00       0.0000    0.0000
    185.99      1500.00      0.00     1.00       0.0000    0.0000
    186.19      1500.00      0.00     1.00       0.0000    0.0000
    186.39      1500.00      0.00     1.00       0.0000    0.0000
    186.59      1500.00      0.00     1.00       0.0000    0.0000
    186.79      1500.00      0.00     1.00       0.0000    0.0000
    186.99      1500.00      0.00     1.00       0.0000    0.0000
    187.19      1500.00      0.00     1.00       0.0000    0.0000
    187.39      1500.00      0.00     1.00       0.0000    0.0000
    187.59      1500.00      0.00     1.00       0.0000    0.0000
    187.79      1500.00      0.00     1.00       0.0000    0.0000
    187.99      1500.00      0.00     1.00       0.0000    0.0000
    188.19      1500.00      0.00     1.00       0.0000    0.0000
    188.39      1500.00      0.00     1.00       0.0000    0.0000
    188.59      1500.00      0.00     1.00       0.0000    0.0000
    188.79      1500.00      0.00     1.00       0.0000    0.0000
    188.99      1500.00      0.00     1.00       0.0000    0.0000
    189.19      1500.00      0.00     1.00       0.0000    0.0000
    189.39      1500.00      0.00     1.00       0.0000    0.0000
    189.59      1500.00      0.00     1.00       0.0000    0.0000
    189.79      1500.00      0.00     1.00       0.0000    0.0000
    189.99      1500.00      0.00     1.00       0.0000    0.0000
    190.19      1500.00      0.00     1.00       0.0000    0.0000
    190.39      1500.00      0.00     1.00       0.0000    0.0000
    190.59      1500.00      0.00     1.00       0.0000    0.0000
    190.79      1500.00      0.00     1.00       0.0000    0.0000
    190.99      1500.00      0.00     1.00       0.0000    0.0000
    191.19      1500.00      0.00     1.00       0.0000    0.0000
    191.39      1500.00      0.00     1.00       0.0000    0.0000
    191.59      1500.00      0.00     1.00       0.0000    0.0000
    191.79      1500.00      0.00     1.00       0.0000    0.0000
    191.99      1500.00      0.00     1.00       0.0000    0.0000
    192.19      1500.00      0.00     1.00       0.0000    0.0000
    192.39      1500.00      0.00     1.00       0.0000    0.0000
    192.59      1500.00      0.00     1.00       0.0000    0.0000
    192.79      1500.00      0.00     1.00       0.0000    0.0000
    192.99      1500.00      0.00     1.00       0.0000    0.0000
    193.19      1500.00      0.00     1.00       0.0000    0.0000
    193.39      1500.00      0.00     1.00       0.0000    0.0000
    193.59      1500.00      0.00     1.00       0.0000    0.0000
    193.79      1500.00      0.00     1.00       0.0000    0.0000
    193.99      1500.00      0.00     1.00       0.0000    0.0000
    194.19      1500.00      0.00     1.00       0.0000    0.0000
    194.39      1500.00      0.00     1.00       0.0000    0.0000
    194.59      1500.00      0.00     1.00       0.0000    0.0000
    194.79      1500.00      0.00     1.00       0.0000    0.0000
    194.99      1500.00      0.00     1.00       0.0000    0.0000
    195.20      1500.00      0.00     1.00       0.0000    0.0000
    195.40      1500.00      0.00     1.00       0.0000    0.0000
    195.60      1500.00      0.00     1.00       0.0000    0.0000
    195.80      1500.00      0.00     1.00       0.0000    0.0000
    196.00      1500.00      0.00     1.00       0.0000    0.0000
    196.20      1500.00      0.00     1.00       0.0000    0.0000
    196.40      1500.00      0.00     1.00       0.0000    0.0000
    196.60      1500.00      0.00     1.00       0.0000    0.0000
    196.80      1500.00      0.00     1.00       0.0000    0.0000
    197.00      1500.00      0.00     1.00       0.0000    0.0000
    197.20      1500.00      0.00     1.00       0.0000    0.0000
    197.40      1500.00      0.00     1.00       0.0000    0.0000
    197.60      1500.00      0.00     1.00       0.0000    0.0000
    197.80      1500.00      0.00     1.00       0.0000    0.0000
    198.00      1500.00      0.00     1.00       0.0000    0.0000
    198.20      1500.00      0.00     1.00       0.0000    0.0000
    198.40      1500.00      0.00     1.00       0.0000    0.0000
    198.60      1500.00      0.00     1.00       0.0000    0.0000
    198.80      1500.00      0.00     1.00       0.0000    0.0000
    199.00      1500.00      0.00     1.00       0.0000    0.0000
    199.20      1500.00      0.00     1.00       0.0000    0.0000
    199.40      1500.00      0.00     1.00       0.0000    0.0000
    199.60      1500.00      0.00     1.00       0.0000    0.0000
    199.80      1500.00      0.00     1.00       0.0000    0.0000
    200.00      1500.00      0.00     1.00       0.0000    0.0000

                              ( RMS roughness =  0.500     m )
     ACOUSTO-ELASTIC half-space
    200.00      1600.00      0.00     1.80       0.2000    0.0000

 cLow =   0.0000     m/s      cHigh =  0.10000E+10 m/s
 RMax =   100.00     km

 __________________________________________________________________________

 Number of Source   depths, Sz =            1
 Source   depths, Sz (m)
   20.0000    


 __________________________________________________________________________

 Number of Receiver depths, Rz =          400
 Receiver depths, Rz (m)
   0.00000      0.500000       1.00000       1.50000       2.00000    
   2.50000       3.00000       3.50000       4.00000       4.50000    
          ... 
   199.500    


 Mesh multiplier   CPU seconds
                --- Number of modes =          107
        1            0.455E-02s
                --- Number of modes =          107
        2            0.265E-02s
        4            0.240E-02s

    I    k (1/m)            alpha (1/m)   Phase Speed (m/s) Group Speed (m/s)
    1   1.675444669     -0.5813056538E-07   1500.063935       1499.952064    
    4   1.674372911     -0.1177113447E-05   1501.024118       1499.227921    
    7   1.672011342     -0.4320948404E-05   1503.144183       1497.603537    
   10   1.668351865     -0.1023147881E-04   1506.441282       1495.019868    
   13   1.663382572     -0.1966326281E-04   1510.941719       1491.410007    
   16   1.657088254     -0.3344515716E-04   1516.680911       1486.716833    
   19   1.649450782     -0.5252380851E-04   1523.703617       1480.904967    
   22   1.640449323     -0.7799860553E-04   1532.064470       1473.969318    
   25   1.630060504     -0.1111766858E-03   1541.828734       1465.948431    
   28   1.618258758     -0.1537153312E-03   1553.073086       1456.961635    
   31   1.605017551     -0.2080922156E-03   1565.885757       1447.334179    
   34   1.590314171     -0.2798451602E-03   1580.363282       1438.145203    
   37   1.574151329     -0.4037936056E-03   1596.589906       1432.432892    
   40   1.556328074     -0.7127314623E-03   1614.874244       1396.801090    
   43   1.536728985     -0.9706434190E-03   1635.469980       1376.936030    
   46   1.515397208     -0.1205794881E-02   1658.491984       1357.390482    
   49   1.492269046     -0.1439343170E-02   1684.196378       1336.567874    
   52   1.467262053     -0.1680503251E-02   1712.900649       1314.181319    
   55   1.440279316     -0.1935173907E-02   1744.990777       1290.089869    
   58   1.411207968     -0.2208186278E-02   1780.938161       1264.175502    
   61   1.379916273     -0.2504186970E-02   1821.323635       1236.315804    
   64   1.346249588     -0.2828132582E-02   1866.870858       1206.373408    
   67   1.310024948     -0.3185682538E-02   1918.493328       1174.188880    
   70   1.271023780     -0.3583615589E-02   1977.362000       1139.573524    
   73   1.228981890     -0.4030361522E-02   2045.005011       1102.300487    
   76   1.183575427     -0.4536756850E-02   2123.459195       1062.092766    
   79   1.134400615     -0.5117195537E-02   2215.508428       1018.606180    
   82   1.080943529     -0.5791482023E-02   2325.074396       971.4042496    
   85   1.022533157     -0.6587987498E-02   2457.890100       919.9195014    
   88  0.9582648077     -0.7549382846E-02   2622.734449       863.3909085    
   91  0.8868670877     -0.8743909711E-02   2833.879121       800.7564081    
   94  0.8064511999     -0.1028994234E-01   3116.461508       730.4531784    
   97  0.7139827039     -0.1241765947E-01   3520.077040       650.0048757    
  100  0.6039705116     -0.1566030677E-01   4161.253032       555.0261753    
  103  0.4642013822     -0.2170635819E-01   5414.189228       436.1365333    
  106  0.2507482656     -0.4275171746E-01   10023.09674       262.6781282    
 _________________________________________________

 End of environmental file
