 _________________________________________________

 KRAKEN- BBMunk profile                                                          
 Nominal Frequency =   90.00    Hz
 NMedia    =   1


     N2-Linear approximation to SSP
     Attenuation units: dB/m


   z (m)     alphaR (m/s)   betaR  rho (g/cm^3)  alphaI     betaI

     VACUUM

       ( # mesh points =     0  RMS roughness =   0.00     m )
      0.00      1460.00      0.00     1.04       0.0000    0.0000
      1.50      1460.00      0.00     1.04       0.0000    0.0000
      3.00      1460.00      0.00     1.04       0.0000    0.0000
      4.50      1460.00      0.00     1.04       0.0000    0.0000
      6.01      1460.00      0.00     1.04       0.0000    0.0000
      7.51      1460.00      0.00     1.04       0.0000    0.0000
      9.01      1460.00      0.00     1.04       0.0000    0.0000
     10.51      1460.00      0.00     1.04       0.0000    0.0000
     12.01      1460.00      0.00     1.04       0.0000    0.0000
     13.51      1460.00      0.00     1.04       0.0000    0.0000
     15.02      1460.00      0.00     1.04       0.0000    0.0000
     16.52      1460.00      0.00     1.04       0.0000    0.0000
     18.02      1460.00      0.00     1.04       0.0000    0.0000
     19.52      1460.00      0.00     1.04       0.0000    0.0000
     21.02      1460.00      0.00     1.04       0.0000    0.0000
     22.52      1460.00      0.00     1.04       0.0000    0.0000
     24.02      1460.00      0.00     1.04       0.0000    0.0000
     25.53      1460.00      0.00     1.04       0.0000    0.0000
     27.03      1460.00      0.00     1.04       0.0000    0.0000
     28.53      1460.00      0.00     1.04       0.0000    0.0000
     30.03      1460.00      0.00     1.04       0.0000    0.0000
     31.53      1460.00      0.00     1.04       0.0000    0.0000
     33.03      1460.00      0.00     1.04       0.0000    0.0000
     34.53      1460.00      0.00     1.04       0.0000    0.0000
     36.04      1460.00      0.00     1.04       0.0000    0.0000
     37.54      1460.00      0.00     1.04       0.0000    0.0000
     39.04      1460.00      0.00     1.04       0.0000    0.0000
     40.54      1460.00      0.00     1.04       0.0000    0.0000
     42.04      1460.00      0.00     1.04       0.0000    0.0000
     43.54      1460.00      0.00     1.04       0.0000    0.0000
     45.05      1460.00      0.00     1.04       0.0000    0.0000
     46.55      1460.00      0.00     1.04       0.0000    0.0000
     48.05      1460.00      0.00     1.04       0.0000    0.0000
     49.55      1460.00      0.00     1.04       0.0000    0.0000
     51.05      1460.00      0.00     1.04       0.0000    0.0000
     52.55      1460.00      0.00     1.04       0.0000    0.0000
     54.05      1460.00      0.00     1.04       0.0000    0.0000
     55.56      1460.00      0.00     1.04       0.0000    0.0000
     57.06      1460.00      0.00     1.04       0.0000    0.0000
     58.56      1460.00      0.00     1.04       0.0000    0.0000
     60.06      1460.00      0.00     1.04       0.0000    0.0000
     61.56      1460.00      0.00     1.04       0.0000    0.0000
     63.06      1460.00      0.00     1.04       0.0000    0.0000
     64.56      1460.00      0.00     1.04       0.0000    0.0000
     66.07      1460.00      0.00     1.04       0.0000    0.0000
     67.57      1460.00      0.00     1.04       0.0000    0.0000
     69.07      1460.00      0.00     1.04       0.0000    0.0000
     70.57      1460.00      0.00     1.04       0.0000    0.0000
     72.07      1460.00      0.00     1.04       0.0000    0.0000
     73.57      1460.00      0.00     1.04       0.0000    0.0000
     75.08      1460.00      0.00     1.04       0.0000    0.0000
     76.58      1460.00      0.00     1.04       0.0000    0.0000
     78.08      1460.00      0.00     1.04       0.0000    0.0000
     79.58      1460.00      0.00     1.04       0.0000    0.0000
     81.08      1460.00      0.00     1.04       0.0000    0.0000
     82.58      1460.00      0.00     1.04       0.0000    0.0000
     84.08      1460.00      0.00     1.04       0.0000    0.0000
     85.59      1460.00      0.00     1.04       0.0000    0.0000
     87.09      1460.00      0.00     1.04       0.0000    0.0000
     88.59      1460.00      0.00     1.04       0.0000    0.0000
     90.09      1460.00      0.00     1.04       0.0000    0.0000
     91.59      1460.00      0.00     1.04       0.0000    0.0000
     93.09      1460.00      0.00     1.04       0.0000    0.0000
     94.59      1460.00      0.00     1.04       0.0000    0.0000
     96.10      1460.00      0.00     1.04       0.0000    0.0000
     97.60      1460.00      0.00     1.04       0.0000    0.0000
     99.10      1460.00      0.00     1.04       0.0000    0.0000
    100.60      1460.00      0.00     1.04       0.0000    0.0000
    102.10      1460.00      0.00     1.04       0.0000    0.0000
    103.60      1460.00      0.00     1.04       0.0000    0.0000
    105.11      1460.00      0.00     1.04       0.0000    0.0000
    106.61      1460.00      0.00     1.04       0.0000    0.0000
    108.11      1460.00      0.00     1.04       0.0000    0.0000
    109.61      1460.00      0.00     1.04       0.0000    0.0000
    111.11      1460.00      0.00     1.04       0.0000    0.0000
    112.61      1460.00      0.00     1.04       0.0000    0.0000
    114.11      1460.00      0.00     1.04       0.0000    0.0000
    115.62      1460.00      0.00     1.04       0.0000    0.0000
    117.12      1460.00      0.00     1.04       0.0000    0.0000
    118.62      1460.00      0.00     1.04       0.0000    0.0000
    120.12      1460.00      0.00     1.04       0.0000    0.0000
    121.62      1460.00      0.00     1.04       0.0000    0.0000
    123.12      1460.00      0.00     1.04       0.0000    0.0000
    124.62      1460.00      0.00     1.04       0.0000    0.0000
    126.13      1460.00      0.00     1.04       0.0000    0.0000
    127.63      1460.00      0.00     1.04       0.0000    0.0000
    129.13      1460.00      0.00     1.04       0.0000    0.0000
    130.63      1460.00      0.00     1.04       0.0000    0.0000
    132.13      1460.00      0.00     1.04       0.0000    0.0000
    133.63      1460.00      0.00     1.04       0.0000    0.0000
    135.14      1460.00      0.00     1.04       0.0000    0.0000
    136.64      1460.00      0.00     1.04       0.0000    0.0000
    138.14      1460.00      0.00     1.04       0.0000    0.0000
    139.64      1460.00      0.00     1.04       0.0000    0.0000
    141.14      1460.00      0.00     1.04       0.0000    0.0000
    142.64      1460.00      0.00     1.04       0.0000    0.0000
    144.14      1460.00      0.00     1.04       0.0000    0.0000
    145.65      1460.00      0.00     1.04       0.0000    0.0000
    147.15      1460.00      0.00     1.04       0.0000    0.0000
    148.65      1460.00      0.00     1.04       0.0000    0.0000
    150.15      1460.00      0.00     1.04       0.0000    0.0000
    151.65      1460.00      0.00     1.04       0.0000    0.0000
    153.15      1460.00      0.00     1.04       0.0000    0.0000
    154.65      1460.00      0.00     1.04       0.0000    0.0000
    156.16      1460.00      0.00     1.04       0.0000    0.0000
    157.66      1460.00      0.00     1.04       0.0000    0.0000
    159.16      1460.00      0.00     1.04       0.0000    0.0000
    160.66      1460.00      0.00     1.04       0.0000    0.0000
    162.16      1460.00      0.00     1.04       0.0000    0.0000
    163.66      1460.00      0.00     1.04       0.0000    0.0000
    165.17      1460.00      0.00     1.04       0.0000    0.0000
    166.67      1460.00      0.00     1.04       0.0000    0.0000
    168.17      1460.00      0.00     1.04       0.0000    0.0000
    169.67      1460.00      0.00     1.04       0.0000    0.0000
    171.17      1460.00      0.00     1.04       0.0000    0.0000
    172.67      1460.00      0.00     1.04       0.0000    0.0000
    174.17      1460.00      0.00     1.04       0.0000    0.0000
    175.68      1460.00      0.00     1.04       0.0000    0.0000
    177.18      1460.00      0.00     1.04       0.0000    0.0000
    178.68      1460.00      0.00     1.04       0.0000    0.0000
    180.18      1460.00      0.00     1.04       0.0000    0.0000
    181.68      1460.00      0.00     1.04       0.0000    0.0000
    183.18      1460.00      0.00     1.04       0.0000    0.0000
    184.68      1460.00      0.00     1.04       0.0000    0.0000
    186.19      1460.00      0.00     1.04       0.0000    0.0000
    187.69      1460.00      0.00     1.04       0.0000    0.0000
    189.19      1460.00      0.00     1.04       0.0000    0.0000
    190.69      1460.00      0.00     1.04       0.0000    0.0000
    192.19      1460.00      0.00     1.04       0.0000    0.0000
    193.69      1460.00      0.00     1.04       0.0000    0.0000
    195.20      1460.00      0.00     1.04       0.0000    0.0000
    196.70      1460.00      0.00     1.04       0.0000    0.0000
    198.20      1460.00      0.00     1.04       0.0000    0.0000
    199.70      1460.00      0.00     1.04       0.0000    0.0000
    201.20      1460.00      0.00     1.04       0.0000    0.0000
    202.70      1460.00      0.00     1.04       0.0000    0.0000
    204.20      1460.00      0.00     1.04       0.0000    0.0000
    205.71      1460.00      0.00     1.04       0.0000    0.0000
    207.21      1460.00      0.00     1.04       0.0000    0.0000
    208.71      1460.00      0.00     1.04       0.0000    0.0000
    210.21      1460.00      0.00     1.04       0.0000    0.0000
    211.71      1460.00      0.00     1.04       0.0000    0.0000
    213.21      1460.00      0.00     1.04       0.0000    0.0000
    214.71      1460.00      0.00     1.04       0.0000    0.0000
    216.22      1460.00      0.00     1.04       0.0000    0.0000
    217.72      1460.00      0.00     1.04       0.0000    0.0000
    219.22      1460.00      0.00     1.04       0.0000    0.0000
    220.72      1460.00      0.00     1.04       0.0000    0.0000
    222.22      1460.00      0.00     1.04       0.0000    0.0000
    223.72      1460.00      0.00     1.04       0.0000    0.0000
    225.23      1460.00      0.00     1.04       0.0000    0.0000
    226.73      1460.00      0.00     1.04       0.0000    0.0000
    228.23      1460.00      0.00     1.04       0.0000    0.0000
    229.73      1460.00      0.00     1.04       0.0000    0.0000
    231.23      1460.00      0.00     1.04       0.0000    0.0000
    232.73      1460.00      0.00     1.04       0.0000    0.0000
    234.23      1460.00      0.00     1.04       0.0000    0.0000
    235.74      1460.00      0.00     1.04       0.0000    0.0000
    237.24      1460.00      0.00     1.04       0.0000    0.0000
    238.74      1460.00      0.00     1.04       0.0000    0.0000
    240.24      1460.00      0.00     1.04       0.0000    0.0000
    241.74      1460.00      0.00     1.04       0.0000    0.0000
    243.24      1460.00      0.00     1.04       0.0000    0.0000
    244.74      1460.00      0.00     1.04       0.0000    0.0000
    246.25      1460.00      0.00     1.04       0.0000    0.0000
    247.75      1460.00      0.00     1.04       0.0000    0.0000
    249.25      1460.00      0.00     1.04       0.0000    0.0000
    250.75      1460.00      0.00     1.04       0.0000    0.0000
    252.25      1460.00      0.00     1.04       0.0000    0.0000
    253.75      1460.00      0.00     1.04       0.0000    0.0000
    255.26      1460.00      0.00     1.04       0.0000    0.0000
    256.76      1460.00      0.00     1.04       0.0000    0.0000
    258.26      1460.00      0.00     1.04       0.0000    0.0000
    259.76      1460.00      0.00     1.04       0.0000    0.0000
    261.26      1460.00      0.00     1.04       0.0000    0.0000
    262.76      1460.00      0.00     1.04       0.0000    0.0000
    264.26      1460.00      0.00     1.04       0.0000    0.0000
    265.77      1460.00      0.00     1.04       0.0000    0.0000
    267.27      1460.00      0.00     1.04       0.0000    0.0000
    268.77      1460.00      0.00     1.04       0.0000    0.0000
    270.27      1460.00      0.00     1.04       0.0000    0.0000
    271.77      1460.00      0.00     1.04       0.0000    0.0000
    273.27      1460.00      0.00     1.04       0.0000    0.0000
    274.77      1460.00      0.00     1.04       0.0000    0.0000
    276.28      1460.00      0.00     1.04       0.0000    0.0000
    277.78      1460.00      0.00     1.04       0.0000    0.0000
    279.28      1460.00      0.00     1.04       0.0000    0.0000
    280.78      1460.00      0.00     1.04       0.0000    0.0000
    282.28      1460.00      0.00     1.04       0.0000    0.0000
    283.78      1460.00      0.00     1.04       0.0000    0.0000
    285.29      1460.00      0.00     1.04       0.0000    0.0000
    286.79      1460.00      0.00     1.04       0.0000    0.0000
    288.29      1460.00      0.00     1.04       0.0000    0.0000
    289.79      1460.00      0.00     1.04       0.0000    0.0000
    291.29      1460.00      0.00     1.04       0.0000    0.0000
    292.79      1460.00      0.00     1.04       0.0000    0.0000
    294.29      1460.00      0.00     1.04       0.0000    0.0000
    295.80      1460.00      0.00     1.04       0.0000    0.0000
    297.30      1460.00      0.00     1.04       0.0000    0.0000
    298.80      1460.00      0.00     1.04       0.0000    0.0000
    300.30      1460.00      0.00     1.04       0.0000    0.0000
    301.80      1460.00      0.00     1.04       0.0000    0.0000
    303.30      1460.00      0.00     1.04       0.0000    0.0000
    304.80      1460.00      0.00     1.04       0.0000    0.0000
    306.31      1460.00      0.00     1.04       0.0000    0.0000
    307.81      1460.00      0.00     1.04       0.0000    0.0000
    309.31      1460.00      0.00     1.04       0.0000    0.0000
    310.81      1460.00      0.00     1.04       0.0000    0.0000
    312.31      1460.00      0.00     1.04       0.0000    0.0000
    313.81      1460.00      0.00     1.04       0.0000    0.0000
    315.32      1460.00      0.00     1.04       0.0000    0.0000
    316.82      1460.00      0.00     1.04       0.0000    0.0000
    318.32      1460.00      0.00     1.04       0.0000    0.0000
    319.82      1460.00      0.00     1.04       0.0000    0.0000
    321.32      1460.00      0.00     1.04       0.0000    0.0000
    322.82      1460.00      0.00     1.04       0.0000    0.0000
    324.32      1460.00      0.00     1.04       0.0000    0.0000
    325.83      1460.00      0.00     1.04       0.0000    0.0000
    327.33      1460.00      0.00     1.04       0.0000    0.0000
    328.83      1460.00      0.00     1.04       0.0000    0.0000
    330.33      1460.00      0.00     1.04       0.0000    0.0000
    331.83      1460.00      0.00     1.04       0.0000    0.0000
    333.33      1460.00      0.00     1.04       0.0000    0.0000
    334.83      1460.00      0.00     1.04       0.0000    0.0000
    336.34      1460.00      0.00     1.04       0.0000    0.0000
    337.84      1460.00      0.00     1.04       0.0000    0.0000
    339.34      1460.00      0.00     1.04       0.0000    0.0000
    340.84      1460.00      0.00     1.04       0.0000    0.0000
    342.34      1460.00      0.00     1.04       0.0000    0.0000
    343.84      1460.00      0.00     1.04       0.0000    0.0000
    345.35      1460.00      0.00     1.04       0.0000    0.0000
    346.85      1460.00      0.00     1.04       0.0000    0.0000
    348.35      1460.00      0.00     1.04       0.0000    0.0000
    349.85      1460.00      0.00     1.04       0.0000    0.0000
    351.35      1460.00      0.00     1.04       0.0000    0.0000
    352.85      1460.00      0.00     1.04       0.0000    0.0000
    354.35      1460.00      0.00     1.04       0.0000    0.0000
    355.86      1460.00      0.00     1.04       0.0000    0.0000
    357.36      1460.00      0.00     1.04       0.0000    0.0000
    358.86      1460.00      0.00     1.04       0.0000    0.0000
    360.36      1460.00      0.00     1.04       0.0000    0.0000
    361.86      1460.00      0.00     1.04       0.0000    0.0000
    363.36      1460.00      0.00     1.04       0.0000    0.0000
    364.86      1460.00      0.00     1.04       0.0000    0.0000
    366.37      1460.00      0.00     1.04       0.0000    0.0000
    367.87      1460.00      0.00     1.04       0.0000    0.0000
    369.37      1460.00      0.00     1.04       0.0000    0.0000
    370.87      1460.00      0.00     1.04       0.0000    0.0000
    372.37      1460.00      0.00     1.04       0.0000    0.0000
    373.87      1460.00      0.00     1.04       0.0000    0.0000
    375.38      1460.00      0.00     1.04       0.0000    0.0000
    376.88      1460.00      0.00     1.04       0.0000    0.0000
    378.38      1460.00      0.00     1.04       0.0000    0.0000
    379.88      1460.00      0.00     1.04       0.0000    0.0000
    381.38      1460.00      0.00     1.04       0.0000    0.0000
    382.88      1460.00      0.00     1.04       0.0000    0.0000
    384.38      1460.00      0.00     1.04       0.0000    0.0000
    385.89      1460.00      0.00     1.04       0.0000    0.0000
    387.39      1460.00      0.00     1.04       0.0000    0.0000
    388.89      1460.00      0.00     1.04       0.0000    0.0000
    390.39      1460.00      0.00     1.04       0.0000    0.0000
    391.89      1460.00      0.00     1.04       0.0000    0.0000
    393.39      1460.00      0.00     1.04       0.0000    0.0000
    394.89      1460.00      0.00     1.04       0.0000    0.0000
    396.40      1460.00      0.00     1.04       0.0000    0.0000
    397.90      1460.00      0.00     1.04       0.0000    0.0000
    399.40      1460.00      0.00     1.04       0.0000    0.0000
    400.90      1460.00      0.00     1.04       0.0000    0.0000
    402.40      1460.00      0.00     1.04       0.0000    0.0000
    403.90      1460.00      0.00     1.04       0.0000    0.0000
    405.41      1460.00      0.00     1.04       0.0000    0.0000
    406.91      1460.00      0.00     1.04       0.0000    0.0000
    408.41      1460.00      0.00     1.04       0.0000    0.0000
    409.91      1460.00      0.00     1.04       0.0000    0.0000
    411.41      1460.00      0.00     1.04       0.0000    0.0000
    412.91      1460.00      0.00     1.04       0.0000    0.0000
    414.41      1460.00      0.00     1.04       0.0000    0.0000
    415.92      1460.00      0.00     1.04       0.0000    0.0000
    417.42      1460.00      0.00     1.04       0.0000    0.0000
    418.92      1460.00      0.00     1.04       0.0000    0.0000
    420.42      1460.00      0.00     1.04       0.0000    0.0000
    421.92      1460.00      0.00     1.04       0.0000    0.0000
    423.42      1460.00      0.00     1.04       0.0000    0.0000
    424.92      1460.00      0.00     1.04       0.0000    0.0000
    426.43      1460.00      0.00     1.04       0.0000    0.0000
    427.93      1460.00      0.00     1.04       0.0000    0.0000
    429.43      1460.00      0.00     1.04       0.0000    0.0000
    430.93      1460.00      0.00     1.04       0.0000    0.0000
    432.43      1460.00      0.00     1.04       0.0000    0.0000
    433.93      1460.00      0.00     1.04       0.0000    0.0000
    435.44      1460.00      0.00     1.04       0.0000    0.0000
    436.94      1460.00      0.00     1.04       0.0000    0.0000
    438.44      1460.00      0.00     1.04       0.0000    0.0000
    439.94      1460.00      0.00     1.04       0.0000    0.0000
    441.44      1460.00      0.00     1.04       0.0000    0.0000
    442.94      1460.00      0.00     1.04       0.0000    0.0000
    444.44      1460.00      0.00     1.04       0.0000    0.0000
    445.95      1460.00      0.00     1.04       0.0000    0.0000
    447.45      1460.00      0.00     1.04       0.0000    0.0000
    448.95      1460.00      0.00     1.04       0.0000    0.0000
    450.45      1460.00      0.00     1.04       0.0000    0.0000
    451.95      1460.00      0.00     1.04       0.0000    0.0000
    453.45      1460.00      0.00     1.04       0.0000    0.0000
    454.95      1460.00      0.00     1.04       0.0000    0.0000
    456.46      1460.00      0.00     1.04       0.0000    0.0000
    457.96      1460.00      0.00     1.04       0.0000    0.0000
    459.46      1460.00      0.00     1.04       0.0000    0.0000
    460.96      1460.00      0.00     1.04       0.0000    0.0000
    462.46      1460.00      0.00     1.04       0.0000    0.0000
    463.96      1460.00      0.00     1.04       0.0000    0.0000
    465.47      1460.00      0.00     1.04       0.0000    0.0000
    466.97      1460.00      0.00     1.04       0.0000    0.0000
    468.47      1460.00      0.00     1.04       0.0000    0.0000
    469.97      1460.00      0.00     1.04       0.0000    0.0000
    471.47      1460.00      0.00     1.04       0.0000    0.0000
    472.97      1460.00      0.00     1.04       0.0000    0.0000
    474.47      1460.00      0.00     1.04       0.0000    0.0000
    475.98      1460.00      0.00     1.04       0.0000    0.0000
    477.48      1460.00      0.00     1.04       0.0000    0.0000
    478.98      1460.00      0.00     1.04       0.0000    0.0000
    480.48      1460.00      0.00     1.04       0.0000    0.0000
    481.98      1460.00      0.00     1.04       0.0000    0.0000
    483.48      1460.00      0.00     1.04       0.0000    0.0000
    484.98      1460.00      0.00     1.04       0.0000    0.0000
    486.49      1460.00      0.00     1.04       0.0000    0.0000
    487.99      1460.00      0.00     1.04       0.0000    0.0000
    489.49      1460.00      0.00     1.04       0.0000    0.0000
    490.99      1460.00      0.00     1.04       0.0000    0.0000
    492.49      1460.00      0.00     1.04       0.0000    0.0000
    493.99      1460.00      0.00     1.04       0.0000    0.0000
    495.50      1460.00      0.00     1.04       0.0000    0.0000
    497.00      1460.00      0.00     1.04       0.0000    0.0000
    498.50      1460.00      0.00     1.04       0.0000    0.0000
    500.00      1460.00      0.00     1.04       0.0000    0.0000
    501.50      1460.00      0.00     1.04       0.0000    0.0000
    503.00      1460.00      0.00     1.04       0.0000    0.0000
    504.50      1460.00      0.00     1.04       0.0000    0.0000
    506.01      1460.00      0.00     1.04       0.0000    0.0000
    507.51      1460.00      0.00     1.04       0.0000    0.0000
    509.01      1460.00      0.00     1.04       0.0000    0.0000
    510.51      1460.00      0.00     1.04       0.0000    0.0000
    512.01      1460.00      0.00     1.04       0.0000    0.0000
    513.51      1460.00      0.00     1.04       0.0000    0.0000
    515.02      1460.00      0.00     1.04       0.0000    0.0000
    516.52      1460.00      0.00     1.04       0.0000    0.0000
    518.02      1460.00      0.00     1.04       0.0000    0.0000
    519.52      1460.00      0.00     1.04       0.0000    0.0000
    521.02      1460.00      0.00     1.04       0.0000    0.0000
    522.52      1460.00      0.00     1.04       0.0000    0.0000
    524.02      1460.00      0.00     1.04       0.0000    0.0000
    525.53      1460.00      0.00     1.04       0.0000    0.0000
    527.03      1460.00      0.00     1.04       0.0000    0.0000
    528.53      1460.00      0.00     1.04       0.0000    0.0000
    530.03      1460.00      0.00     1.04       0.0000    0.0000
    531.53      1460.00      0.00     1.04       0.0000    0.0000
    533.03      1460.00      0.00     1.04       0.0000    0.0000
    534.53      1460.00      0.00     1.04       0.0000    0.0000
    536.04      1460.00      0.00     1.04       0.0000    0.0000
    537.54      1460.00      0.00     1.04       0.0000    0.0000
    539.04      1460.00      0.00     1.04       0.0000    0.0000
    540.54      1460.00      0.00     1.04       0.0000    0.0000
    542.04      1460.00      0.00     1.04       0.0000    0.0000
    543.54      1460.00      0.00     1.04       0.0000    0.0000
    545.05      1460.00      0.00     1.04       0.0000    0.0000
    546.55      1460.00      0.00     1.04       0.0000    0.0000
    548.05      1460.00      0.00     1.04       0.0000    0.0000
    549.55      1460.00      0.00     1.04       0.0000    0.0000
    551.05      1460.00      0.00     1.04       0.0000    0.0000
    552.55      1460.00      0.00     1.04       0.0000    0.0000
    554.05      1460.00      0.00     1.04       0.0000    0.0000
    555.56      1460.00      0.00     1.04       0.0000    0.0000
    557.06      1460.00      0.00     1.04       0.0000    0.0000
    558.56      1460.00      0.00     1.04       0.0000    0.0000
    560.06      1460.00      0.00     1.04       0.0000    0.0000
    561.56      1460.00      0.00     1.04       0.0000    0.0000
    563.06      1460.00      0.00     1.04       0.0000    0.0000
    564.56      1460.00      0.00     1.04       0.0000    0.0000
    566.07      1460.00      0.00     1.04       0.0000    0.0000
    567.57      1460.00      0.00     1.04       0.0000    0.0000
    569.07      1460.00      0.00     1.04       0.0000    0.0000
    570.57      1460.00      0.00     1.04       0.0000    0.0000
    572.07      1460.00      0.00     1.04       0.0000    0.0000
    573.57      1460.00      0.00     1.04       0.0000    0.0000
    575.08      1460.00      0.00     1.04       0.0000    0.0000
    576.58      1460.00      0.00     1.04       0.0000    0.0000
    578.08      1460.00      0.00     1.04       0.0000    0.0000
    579.58      1460.00      0.00     1.04       0.0000    0.0000
    581.08      1460.00      0.00     1.04       0.0000    0.0000
    582.58      1460.00      0.00     1.04       0.0000    0.0000
    584.08      1460.00      0.00     1.04       0.0000    0.0000
    585.59      1460.00      0.00     1.04       0.0000    0.0000
    587.09      1460.00      0.00     1.04       0.0000    0.0000
    588.59      1460.00      0.00     1.04       0.0000    0.0000
    590.09      1460.00      0.00     1.04       0.0000    0.0000
    591.59      1460.00      0.00     1.04       0.0000    0.0000
    593.09      1460.00      0.00     1.04       0.0000    0.0000
    594.59      1460.00      0.00     1.04       0.0000    0.0000
    596.10      1460.00      0.00     1.04       0.0000    0.0000
    597.60      1460.00      0.00     1.04       0.0000    0.0000
    599.10      1460.00      0.00     1.04       0.0000    0.0000
    600.60      1460.00      0.00     1.04       0.0000    0.0000
    602.10      1460.00      0.00     1.04       0.0000    0.0000
    603.60      1460.00      0.00     1.04       0.0000    0.0000
    605.11      1460.00      0.00     1.04       0.0000    0.0000
    606.61      1460.00      0.00     1.04       0.0000    0.0000
    608.11      1460.00      0.00     1.04       0.0000    0.0000
    609.61      1460.00      0.00     1.04       0.0000    0.0000
    611.11      1460.00      0.00     1.04       0.0000    0.0000
    612.61      1460.00      0.00     1.04       0.0000    0.0000
    614.11      1460.00      0.00     1.04       0.0000    0.0000
    615.62      1460.00      0.00     1.04       0.0000    0.0000
    617.12      1460.00      0.00     1.04       0.0000    0.0000
    618.62      1460.00      0.00     1.04       0.0000    0.0000
    620.12      1460.00      0.00     1.04       0.0000    0.0000
    621.62      1460.00      0.00     1.04       0.0000    0.0000
    623.12      1460.00      0.00     1.04       0.0000    0.0000
    624.62      1460.00      0.00     1.04       0.0000    0.0000
    626.13      1460.00      0.00     1.04       0.0000    0.0000
    627.63      1460.00      0.00     1.04       0.0000    0.0000
    629.13      1460.00      0.00     1.04       0.0000    0.0000
    630.63      1460.00      0.00     1.04       0.0000    0.0000
    632.13      1460.00      0.00     1.04       0.0000    0.0000
    633.63      1460.00      0.00     1.04       0.0000    0.0000
    635.14      1460.00      0.00     1.04       0.0000    0.0000
    636.64      1460.00      0.00     1.04       0.0000    0.0000
    638.14      1460.00      0.00     1.04       0.0000    0.0000
    639.64      1460.00      0.00     1.04       0.0000    0.0000
    641.14      1460.00      0.00     1.04       0.0000    0.0000
    642.64      1460.00      0.00     1.04       0.0000    0.0000
    644.14      1460.00      0.00     1.04       0.0000    0.0000
    645.65      1460.00      0.00     1.04       0.0000    0.0000
    647.15      1460.00      0.00     1.04       0.0000    0.0000
    648.65      1460.00      0.00     1.04       0.0000    0.0000
    650.15      1460.00      0.00     1.04       0.0000    0.0000
    651.65      1460.00      0.00     1.04       0.0000    0.0000
    653.15      1460.00      0.00     1.04       0.0000    0.0000
    654.65      1460.00      0.00     1.04       0.0000    0.0000
    656.16      1460.00      0.00     1.04       0.0000    0.0000
    657.66      1460.00      0.00     1.04       0.0000    0.0000
    659.16      1460.00      0.00     1.04       0.0000    0.0000
    660.66      1460.00      0.00     1.04       0.0000    0.0000
    662.16      1460.00      0.00     1.04       0.0000    0.0000
    663.66      1460.00      0.00     1.04       0.0000    0.0000
    665.17      1460.00      0.00     1.04       0.0000    0.0000
    666.67      1460.00      0.00     1.04       0.0000    0.0000
    668.17      1460.00      0.00     1.04       0.0000    0.0000
    669.67      1460.00      0.00     1.04       0.0000    0.0000
    671.17      1460.00      0.00     1.04       0.0000    0.0000
    672.67      1460.00      0.00     1.04       0.0000    0.0000
    674.17      1460.00      0.00     1.04       0.0000    0.0000
    675.68      1460.00      0.00     1.04       0.0000    0.0000
    677.18      1460.00      0.00     1.04       0.0000    0.0000
    678.68      1460.00      0.00     1.04       0.0000    0.0000
    680.18      1460.00      0.00     1.04       0.0000    0.0000
    681.68      1460.00      0.00     1.04       0.0000    0.0000
    683.18      1460.00      0.00     1.04       0.0000    0.0000
    684.68      1460.00      0.00     1.04       0.0000    0.0000
    686.19      1460.00      0.00     1.04       0.0000    0.0000
    687.69      1460.00      0.00     1.04       0.0000    0.0000
    689.19      1460.00      0.00     1.04       0.0000    0.0000
    690.69      1460.00      0.00     1.04       0.0000    0.0000
    692.19      1460.00      0.00     1.04       0.0000    0.0000
    693.69      1460.00      0.00     1.04       0.0000    0.0000
    695.20      1460.00      0.00     1.04       0.0000    0.0000
    696.70      1460.00      0.00     1.04       0.0000    0.0000
    698.20      1460.00      0.00     1.04       0.0000    0.0000
    699.70      1460.00      0.00     1.04       0.0000    0.0000
    701.20      1460.00      0.00     1.04       0.0000    0.0000
    702.70      1460.00      0.00     1.04       0.0000    0.0000
    704.20      1460.00      0.00     1.04       0.0000    0.0000
    705.71      1460.00      0.00     1.04       0.0000    0.0000
    707.21      1460.00      0.00     1.04       0.0000    0.0000
    708.71      1460.00      0.00     1.04       0.0000    0.0000
    710.21      1460.00      0.00     1.04       0.0000    0.0000
    711.71      1460.00      0.00     1.04       0.0000    0.0000
    713.21      1460.00      0.00     1.04       0.0000    0.0000
    714.71      1460.00      0.00     1.04       0.0000    0.0000
    716.22      1460.00      0.00     1.04       0.0000    0.0000
    717.72      1460.00      0.00     1.04       0.0000    0.0000
    719.22      1460.00      0.00     1.04       0.0000    0.0000
    720.72      1460.00      0.00     1.04       0.0000    0.0000
    722.22      1460.00      0.00     1.04       0.0000    0.0000
    723.72      1460.00      0.00     1.04       0.0000    0.0000
    725.23      1460.00      0.00     1.04       0.0000    0.0000
    726.73      1460.00      0.00     1.04       0.0000    0.0000
    728.23      1460.00      0.00     1.04       0.0000    0.0000
    729.73      1460.00      0.00     1.04       0.0000    0.0000
    731.23      1460.00      0.00     1.04       0.0000    0.0000
    732.73      1460.00      0.00     1.04       0.0000    0.0000
    734.23      1460.00      0.00     1.04       0.0000    0.0000
    735.74      1460.00      0.00     1.04       0.0000    0.0000
    737.24      1460.00      0.00     1.04       0.0000    0.0000
    738.74      1460.00      0.00     1.04       0.0000    0.0000
    740.24      1460.00      0.00     1.04       0.0000    0.0000
    741.74      1460.00      0.00     1.04       0.0000    0.0000
    743.24      1460.00      0.00     1.04       0.0000    0.0000
    744.74      1460.00      0.00     1.04       0.0000    0.0000
    746.25      1460.00      0.00     1.04       0.0000    0.0000
    747.75      1460.00      0.00     1.04       0.0000    0.0000
    749.25      1460.00      0.00     1.04       0.0000    0.0000
    750.75      1460.00      0.00     1.04       0.0000    0.0000
    752.25      1460.00      0.00     1.04       0.0000    0.0000
    753.75      1460.00      0.00     1.04       0.0000    0.0000
    755.26      1460.00      0.00     1.04       0.0000    0.0000
    756.76      1460.00      0.00     1.04       0.0000    0.0000
    758.26      1460.00      0.00     1.04       0.0000    0.0000
    759.76      1460.00      0.00     1.04       0.0000    0.0000
    761.26      1460.00      0.00     1.04       0.0000    0.0000
    762.76      1460.00      0.00     1.04       0.0000    0.0000
    764.26      1460.00      0.00     1.04       0.0000    0.0000
    765.77      1460.00      0.00     1.04       0.0000    0.0000
    767.27      1460.00      0.00     1.04       0.0000    0.0000
    768.77      1460.00      0.00     1.04       0.0000    0.0000
    770.27      1460.00      0.00     1.04       0.0000    0.0000
    771.77      1460.00      0.00     1.04       0.0000    0.0000
    773.27      1460.00      0.00     1.04       0.0000    0.0000
    774.77      1460.00      0.00     1.04       0.0000    0.0000
    776.28      1460.00      0.00     1.04       0.0000    0.0000
    777.78      1460.00      0.00     1.04       0.0000    0.0000
    779.28      1460.00      0.00     1.04       0.0000    0.0000
    780.78      1460.00      0.00     1.04       0.0000    0.0000
    782.28      1460.00      0.00     1.04       0.0000    0.0000
    783.78      1460.00      0.00     1.04       0.0000    0.0000
    785.29      1460.00      0.00     1.04       0.0000    0.0000
    786.79      1460.00      0.00     1.04       0.0000    0.0000
    788.29      1460.00      0.00     1.04       0.0000    0.0000
    789.79      1460.00      0.00     1.04       0.0000    0.0000
    791.29      1460.00      0.00     1.04       0.0000    0.0000
    792.79      1460.00      0.00     1.04       0.0000    0.0000
    794.29      1460.00      0.00     1.04       0.0000    0.0000
    795.80      1460.00      0.00     1.04       0.0000    0.0000
    797.30      1460.00      0.00     1.04       0.0000    0.0000
    798.80      1460.00      0.00     1.04       0.0000    0.0000
    800.30      1460.00      0.00     1.04       0.0000    0.0000
    801.80      1460.00      0.00     1.04       0.0000    0.0000
    803.30      1460.00      0.00     1.04       0.0000    0.0000
    804.80      1460.00      0.00     1.04       0.0000    0.0000
    806.31      1460.00      0.00     1.04       0.0000    0.0000
    807.81      1460.00      0.00     1.04       0.0000    0.0000
    809.31      1460.00      0.00     1.04       0.0000    0.0000
    810.81      1460.00      0.00     1.04       0.0000    0.0000
    812.31      1460.00      0.00     1.04       0.0000    0.0000
    813.81      1460.00      0.00     1.04       0.0000    0.0000
    815.32      1460.00      0.00     1.04       0.0000    0.0000
    816.82      1460.00      0.00     1.04       0.0000    0.0000
    818.32      1460.00      0.00     1.04       0.0000    0.0000
    819.82      1460.00      0.00     1.04       0.0000    0.0000
    821.32      1460.00      0.00     1.04       0.0000    0.0000
    822.82      1460.00      0.00     1.04       0.0000    0.0000
    824.32      1460.00      0.00     1.04       0.0000    0.0000
    825.83      1460.00      0.00     1.04       0.0000    0.0000
    827.33      1460.00      0.00     1.04       0.0000    0.0000
    828.83      1460.00      0.00     1.04       0.0000    0.0000
    830.33      1460.00      0.00     1.04       0.0000    0.0000
    831.83      1460.00      0.00     1.04       0.0000    0.0000
    833.33      1460.00      0.00     1.04       0.0000    0.0000
    834.83      1460.00      0.00     1.04       0.0000    0.0000
    836.34      1460.00      0.00     1.04       0.0000    0.0000
    837.84      1460.00      0.00     1.04       0.0000    0.0000
    839.34      1460.00      0.00     1.04       0.0000    0.0000
    840.84      1460.00      0.00     1.04       0.0000    0.0000
    842.34      1460.00      0.00     1.04       0.0000    0.0000
    843.84      1460.00      0.00     1.04       0.0000    0.0000
    845.35      1460.00      0.00     1.04       0.0000    0.0000
    846.85      1460.00      0.00     1.04       0.0000    0.0000
    848.35      1460.00      0.00     1.04       0.0000    0.0000
    849.85      1460.00      0.00     1.04       0.0000    0.0000
    851.35      1460.00      0.00     1.04       0.0000    0.0000
    852.85      1460.00      0.00     1.04       0.0000    0.0000
    854.35      1460.00      0.00     1.04       0.0000    0.0000
    855.86      1460.00      0.00     1.04       0.0000    0.0000
    857.36      1460.00      0.00     1.04       0.0000    0.0000
    858.86      1460.00      0.00     1.04       0.0000    0.0000
    860.36      1460.00      0.00     1.04       0.0000    0.0000
    861.86      1460.00      0.00     1.04       0.0000    0.0000
    863.36      1460.00      0.00     1.04       0.0000    0.0000
    864.86      1460.00      0.00     1.04       0.0000    0.0000
    866.37      1460.00      0.00     1.04       0.0000    0.0000
    867.87      1460.00      0.00     1.04       0.0000    0.0000
    869.37      1460.00      0.00     1.04       0.0000    0.0000
    870.87      1460.00      0.00     1.04       0.0000    0.0000
    872.37      1460.00      0.00     1.04       0.0000    0.0000
    873.87      1460.00      0.00     1.04       0.0000    0.0000
    875.38      1460.00      0.00     1.04       0.0000    0.0000
    876.88      1460.00      0.00     1.04       0.0000    0.0000
    878.38      1460.00      0.00     1.04       0.0000    0.0000
    879.88      1460.00      0.00     1.04       0.0000    0.0000
    881.38      1460.00      0.00     1.04       0.0000    0.0000
    882.88      1460.00      0.00     1.04       0.0000    0.0000
    884.38      1460.00      0.00     1.04       0.0000    0.0000
    885.89      1460.00      0.00     1.04       0.0000    0.0000
    887.39      1460.00      0.00     1.04       0.0000    0.0000
    888.89      1460.00      0.00     1.04       0.0000    0.0000
    890.39      1460.00      0.00     1.04       0.0000    0.0000
    891.89      1460.00      0.00     1.04       0.0000    0.0000
    893.39      1460.00      0.00     1.04       0.0000    0.0000
    894.89      1460.00      0.00     1.04       0.0000    0.0000
    896.40      1460.00      0.00     1.04       0.0000    0.0000
    897.90      1460.00      0.00     1.04       0.0000    0.0000
    899.40      1460.00      0.00     1.04       0.0000    0.0000
    900.90      1460.00      0.00     1.04       0.0000    0.0000
    902.40      1460.00      0.00     1.04       0.0000    0.0000
    903.90      1460.00      0.00     1.04       0.0000    0.0000
    905.41      1460.00      0.00     1.04       0.0000    0.0000
    906.91      1460.00      0.00     1.04       0.0000    0.0000
    908.41      1460.00      0.00     1.04       0.0000    0.0000
    909.91      1460.00      0.00     1.04       0.0000    0.0000
    911.41      1460.00      0.00     1.04       0.0000    0.0000
    912.91      1460.00      0.00     1.04       0.0000    0.0000
    914.41      1460.00      0.00     1.04       0.0000    0.0000
    915.92      1460.00      0.00     1.04       0.0000    0.0000
    917.42      1460.00      0.00     1.04       0.0000    0.0000
    918.92      1460.00      0.00     1.04       0.0000    0.0000
    920.42      1460.00      0.00     1.04       0.0000    0.0000
    921.92      1460.00      0.00     1.04       0.0000    0.0000
    923.42      1460.00      0.00     1.04       0.0000    0.0000
    924.92      1460.00      0.00     1.04       0.0000    0.0000
    926.43      1460.00      0.00     1.04       0.0000    0.0000
    927.93      1460.00      0.00     1.04       0.0000    0.0000
    929.43      1460.00      0.00     1.04       0.0000    0.0000
    930.93      1460.00      0.00     1.04       0.0000    0.0000
    932.43      1460.00      0.00     1.04       0.0000    0.0000
    933.93      1460.00      0.00     1.04       0.0000    0.0000
    935.44      1460.00      0.00     1.04       0.0000    0.0000
    936.94      1460.00      0.00     1.04       0.0000    0.0000
    938.44      1460.00      0.00     1.04       0.0000    0.0000
    939.94      1460.00      0.00     1.04       0.0000    0.0000
    941.44      1460.00      0.00     1.04       0.0000    0.0000
    942.94      1460.00      0.00     1.04       0.0000    0.0000
    944.44      1460.00      0.00     1.04       0.0000    0.0000
    945.95      1460.00      0.00     1.04       0.0000    0.0000
    947.45      1460.00      0.00     1.04       0.0000    0.0000
    948.95      1460.00      0.00     1.04       0.0000    0.0000
    950.45      1460.00      0.00     1.04       0.0000    0.0000
    951.95      1460.00      0.00     1.04       0.0000    0.0000
    953.45      1460.00      0.00     1.04       0.0000    0.0000
    954.95      1460.00      0.00     1.04       0.0000    0.0000
    956.46      1460.00      0.00     1.04       0.0000    0.0000
    957.96      1460.00      0.00     1.04       0.0000    0.0000
    959.46      1460.00      0.00     1.04       0.0000    0.0000
    960.96      1460.00      0.00     1.04       0.0000    0.0000
    962.46      1460.00      0.00     1.04       0.0000    0.0000
    963.96      1460.00      0.00     1.04       0.0000    0.0000
    965.47      1460.00      0.00     1.04       0.0000    0.0000
    966.97      1460.00      0.00     1.04       0.0000    0.0000
    968.47      1460.00      0.00     1.04       0.0000    0.0000
    969.97      1460.00      0.00     1.04       0.0000    0.0000
    971.47      1460.00      0.00     1.04       0.0000    0.0000
    972.97      1460.00      0.00     1.04       0.0000    0.0000
    974.47      1460.00      0.00     1.04       0.0000    0.0000
    975.98      1460.00      0.00     1.04       0.0000    0.0000
    977.48      1460.00      0.00     1.04       0.0000    0.0000
    978.98      1460.00      0.00     1.04       0.0000    0.0000
    980.48      1460.00      0.00     1.04       0.0000    0.0000
    981.98      1460.00      0.00     1.04       0.0000    0.0000
    983.48      1460.00      0.00     1.04       0.0000    0.0000
    984.98      1460.00      0.00     1.04       0.0000    0.0000
    986.49      1460.00      0.00     1.04       0.0000    0.0000
    987.99      1460.00      0.00     1.04       0.0000    0.0000
    989.49      1460.00      0.00     1.04       0.0000    0.0000
    990.99      1460.00      0.00     1.04       0.0000    0.0000
    992.49      1460.00      0.00     1.04       0.0000    0.0000
    993.99      1460.00      0.00     1.04       0.0000    0.0000
    995.50      1460.00      0.00     1.04       0.0000    0.0000
    997.00      1460.00      0.00     1.04       0.0000    0.0000
    998.50      1460.00      0.00     1.04       0.0000    0.0000
   1000.00      1460.00      0.00     1.04       0.0000    0.0000
   1001.50      1460.00      0.00     1.04       0.0000    0.0000
   1003.00      1460.00      0.00     1.04       0.0000    0.0000
   1004.50      1460.00      0.00     1.04       0.0000    0.0000
   1006.01      1460.00      0.00     1.04       0.0000    0.0000
   1007.51      1460.00      0.00     1.04       0.0000    0.0000
   1009.01      1460.00      0.00     1.04       0.0000    0.0000
   1010.51      1460.00      0.00     1.04       0.0000    0.0000
   1012.01      1460.00      0.00     1.04       0.0000    0.0000
   1013.51      1460.00      0.00     1.04       0.0000    0.0000
   1015.02      1460.00      0.00     1.04       0.0000    0.0000
   1016.52      1460.00      0.00     1.04       0.0000    0.0000
   1018.02      1460.00      0.00     1.04       0.0000    0.0000
   1019.52      1460.00      0.00     1.04       0.0000    0.0000
   1021.02      1460.00      0.00     1.04       0.0000    0.0000
   1022.52      1460.00      0.00     1.04       0.0000    0.0000
   1024.02      1460.00      0.00     1.04       0.0000    0.0000
   1025.53      1460.00      0.00     1.04       0.0000    0.0000
   1027.03      1460.00      0.00     1.04       0.0000    0.0000
   1028.53      1460.00      0.00     1.04       0.0000    0.0000
   1030.03      1460.00      0.00     1.04       0.0000    0.0000
   1031.53      1460.00      0.00     1.04       0.0000    0.0000
   1033.03      1460.00      0.00     1.04       0.0000    0.0000
   1034.53      1460.00      0.00     1.04       0.0000    0.0000
   1036.04      1460.00      0.00     1.04       0.0000    0.0000
   1037.54      1460.00      0.00     1.04       0.0000    0.0000
   1039.04      1460.00      0.00     1.04       0.0000    0.0000
   1040.54      1460.00      0.00     1.04       0.0000    0.0000
   1042.04      1460.00      0.00     1.04       0.0000    0.0000
   1043.54      1460.00      0.00     1.04       0.0000    0.0000
   1045.05      1460.00      0.00     1.04       0.0000    0.0000
   1046.55      1460.00      0.00     1.04       0.0000    0.0000
   1048.05      1460.00      0.00     1.04       0.0000    0.0000
   1049.55      1460.00      0.00     1.04       0.0000    0.0000
   1051.05      1460.00      0.00     1.04       0.0000    0.0000
   1052.55      1460.00      0.00     1.04       0.0000    0.0000
   1054.05      1460.00      0.00     1.04       0.0000    0.0000
   1055.56      1460.00      0.00     1.04       0.0000    0.0000
   1057.06      1460.00      0.00     1.04       0.0000    0.0000
   1058.56      1460.00      0.00     1.04       0.0000    0.0000
   1060.06      1460.00      0.00     1.04       0.0000    0.0000
   1061.56      1460.00      0.00     1.04       0.0000    0.0000
   1063.06      1460.00      0.00     1.04       0.0000    0.0000
   1064.56      1460.00      0.00     1.04       0.0000    0.0000
   1066.07      1460.00      0.00     1.04       0.0000    0.0000
   1067.57      1460.00      0.00     1.04       0.0000    0.0000
   1069.07      1460.00      0.00     1.04       0.0000    0.0000
   1070.57      1460.00      0.00     1.04       0.0000    0.0000
   1072.07      1460.00      0.00     1.04       0.0000    0.0000
   1073.57      1460.00      0.00     1.04       0.0000    0.0000
   1075.08      1460.00      0.00     1.04       0.0000    0.0000
   1076.58      1460.00      0.00     1.04       0.0000    0.0000
   1078.08      1460.00      0.00     1.04       0.0000    0.0000
   1079.58      1460.00      0.00     1.04       0.0000    0.0000
   1081.08      1460.00      0.00     1.04       0.0000    0.0000
   1082.58      1460.00      0.00     1.04       0.0000    0.0000
   1084.08      1460.00      0.00     1.04       0.0000    0.0000
   1085.59      1460.00      0.00     1.04       0.0000    0.0000
   1087.09      1460.00      0.00     1.04       0.0000    0.0000
   1088.59      1460.00      0.00     1.04       0.0000    0.0000
   1090.09      1460.00      0.00     1.04       0.0000    0.0000
   1091.59      1460.00      0.00     1.04       0.0000    0.0000
   1093.09      1460.00      0.00     1.04       0.0000    0.0000
   1094.59      1460.00      0.00     1.04       0.0000    0.0000
   1096.10      1460.00      0.00     1.04       0.0000    0.0000
   1097.60      1460.00      0.00     1.04       0.0000    0.0000
   1099.10      1460.00      0.00     1.04       0.0000    0.0000
   1100.60      1460.00      0.00     1.04       0.0000    0.0000
   1102.10      1460.00      0.00     1.04       0.0000    0.0000
   1103.60      1460.00      0.00     1.04       0.0000    0.0000
   1105.11      1460.00      0.00     1.04       0.0000    0.0000
   1106.61      1460.00      0.00     1.04       0.0000    0.0000
   1108.11      1460.00      0.00     1.04       0.0000    0.0000
   1109.61      1460.00      0.00     1.04       0.0000    0.0000
   1111.11      1460.00      0.00     1.04       0.0000    0.0000
   1112.61      1460.00      0.00     1.04       0.0000    0.0000
   1114.11      1460.00      0.00     1.04       0.0000    0.0000
   1115.62      1460.00      0.00     1.04       0.0000    0.0000
   1117.12      1460.00      0.00     1.04       0.0000    0.0000
   1118.62      1460.00      0.00     1.04       0.0000    0.0000
   1120.12      1460.00      0.00     1.04       0.0000    0.0000
   1121.62      1460.00      0.00     1.04       0.0000    0.0000
   1123.12      1460.00      0.00     1.04       0.0000    0.0000
   1124.62      1460.00      0.00     1.04       0.0000    0.0000
   1126.13      1460.00      0.00     1.04       0.0000    0.0000
   1127.63      1460.00      0.00     1.04       0.0000    0.0000
   1129.13      1460.00      0.00     1.04       0.0000    0.0000
   1130.63      1460.00      0.00     1.04       0.0000    0.0000
   1132.13      1460.00      0.00     1.04       0.0000    0.0000
   1133.63      1460.00      0.00     1.04       0.0000    0.0000
   1135.14      1460.00      0.00     1.04       0.0000    0.0000
   1136.64      1460.00      0.00     1.04       0.0000    0.0000
   1138.14      1460.00      0.00     1.04       0.0000    0.0000
   1139.64      1460.00      0.00     1.04       0.0000    0.0000
   1141.14      1460.00      0.00     1.04       0.0000    0.0000
   1142.64      1460.00      0.00     1.04       0.0000    0.0000
   1144.14      1460.00      0.00     1.04       0.0000    0.0000
   1145.65      1460.00      0.00     1.04       0.0000    0.0000
   1147.15      1460.00      0.00     1.04       0.0000    0.0000
   1148.65      1460.00      0.00     1.04       0.0000    0.0000
   1150.15      1460.00      0.00     1.04       0.0000    0.0000
   1151.65      1460.00      0.00     1.04       0.0000    0.0000
   1153.15      1460.00      0.00     1.04       0.0000    0.0000
   1154.65      1460.00      0.00     1.04       0.0000    0.0000
   1156.16      1460.00      0.00     1.04       0.0000    0.0000
   1157.66      1460.00      0.00     1.04       0.0000    0.0000
   1159.16      1460.00      0.00     1.04       0.0000    0.0000
   1160.66      1460.00      0.00     1.04       0.0000    0.0000
   1162.16      1460.00      0.00     1.04       0.0000    0.0000
   1163.66      1460.00      0.00     1.04       0.0000    0.0000
   1165.17      1460.00      0.00     1.04       0.0000    0.0000
   1166.67      1460.00      0.00     1.04       0.0000    0.0000
   1168.17      1460.00      0.00     1.04       0.0000    0.0000
   1169.67      1460.00      0.00     1.04       0.0000    0.0000
   1171.17      1460.00      0.00     1.04       0.0000    0.0000
   1172.67      1460.00      0.00     1.04       0.0000    0.0000
   1174.17      1460.00      0.00     1.04       0.0000    0.0000
   1175.68      1460.00      0.00     1.04       0.0000    0.0000
   1177.18      1460.00      0.00     1.04       0.0000    0.0000
   1178.68      1460.00      0.00     1.04       0.0000    0.0000
   1180.18      1460.00      0.00     1.04       0.0000    0.0000
   1181.68      1460.00      0.00     1.04       0.0000    0.0000
   1183.18      1460.00      0.00     1.04       0.0000    0.0000
   1184.68      1460.00      0.00     1.04       0.0000    0.0000
   1186.19      1460.00      0.00     1.04       0.0000    0.0000
   1187.69      1460.00      0.00     1.04       0.0000    0.0000
   1189.19      1460.00      0.00     1.04       0.0000    0.0000
   1190.69      1460.00      0.00     1.04       0.0000    0.0000
   1192.19      1460.00      0.00     1.04       0.0000    0.0000
   1193.69      1460.00      0.00     1.04       0.0000    0.0000
   1195.20      1460.00      0.00     1.04       0.0000    0.0000
   1196.70      1460.00      0.00     1.04       0.0000    0.0000
   1198.20      1460.00      0.00     1.04       0.0000    0.0000
   1199.70      1460.00      0.00     1.04       0.0000    0.0000
   1201.20      1460.00      0.00     1.04       0.0000    0.0000
   1202.70      1460.00      0.00     1.04       0.0000    0.0000
   1204.20      1460.00      0.00     1.04       0.0000    0.0000
   1205.71      1460.00      0.00     1.04       0.0000    0.0000
   1207.21      1460.00      0.00     1.04       0.0000    0.0000
   1208.71      1460.00      0.00     1.04       0.0000    0.0000
   1210.21      1460.00      0.00     1.04       0.0000    0.0000
   1211.71      1460.00      0.00     1.04       0.0000    0.0000
   1213.21      1460.00      0.00     1.04       0.0000    0.0000
   1214.71      1460.00      0.00     1.04       0.0000    0.0000
   1216.22      1460.00      0.00     1.04       0.0000    0.0000
   1217.72      1460.00      0.00     1.04       0.0000    0.0000
   1219.22      1460.00      0.00     1.04       0.0000    0.0000
   1220.72      1460.00      0.00     1.04       0.0000    0.0000
   1222.22      1460.00      0.00     1.04       0.0000    0.0000
   1223.72      1460.00      0.00     1.04       0.0000    0.0000
   1225.23      1460.00      0.00     1.04       0.0000    0.0000
   1226.73      1460.00      0.00     1.04       0.0000    0.0000
   1228.23      1460.00      0.00     1.04       0.0000    0.0000
   1229.73      1460.00      0.00     1.04       0.0000    0.0000
   1231.23      1460.00      0.00     1.04       0.0000    0.0000
   1232.73      1460.00      0.00     1.04       0.0000    0.0000
   1234.23      1460.00      0.00     1.04       0.0000    0.0000
   1235.74      1460.00      0.00     1.04       0.0000    0.0000
   1237.24      1460.00      0.00     1.04       0.0000    0.0000
   1238.74      1460.00      0.00     1.04       0.0000    0.0000
   1240.24      1460.00      0.00     1.04       0.0000    0.0000
   1241.74      1460.00      0.00     1.04       0.0000    0.0000
   1243.24      1460.00      0.00     1.04       0.0000    0.0000
   1244.74      1460.00      0.00     1.04       0.0000    0.0000
   1246.25      1460.00      0.00     1.04       0.0000    0.0000
   1247.75      1460.00      0.00     1.04       0.0000    0.0000
   1249.25      1460.00      0.00     1.04       0.0000    0.0000
   1250.75      1460.00      0.00     1.04       0.0000    0.0000
   1252.25      1460.00      0.00     1.04       0.0000    0.0000
   1253.75      1460.00      0.00     1.04       0.0000    0.0000
   1255.26      1460.00      0.00     1.04       0.0000    0.0000
   1256.76      1460.00      0.00     1.04       0.0000    0.0000
   1258.26      1460.00      0.00     1.04       0.0000    0.0000
   1259.76      1460.00      0.00     1.04       0.0000    0.0000
   1261.26      1460.00      0.00     1.04       0.0000    0.0000
   1262.76      1460.00      0.00     1.04       0.0000    0.0000
   1264.26      1460.00      0.00     1.04       0.0000    0.0000
   1265.77      1460.00      0.00     1.04       0.0000    0.0000
   1267.27      1460.00      0.00     1.04       0.0000    0.0000
   1268.77      1460.00      0.00     1.04       0.0000    0.0000
   1270.27      1460.00      0.00     1.04       0.0000    0.0000
   1271.77      1460.00      0.00     1.04       0.0000    0.0000
   1273.27      1460.00      0.00     1.04       0.0000    0.0000
   1274.77      1460.00      0.00     1.04       0.0000    0.0000
   1276.28      1460.00      0.00     1.04       0.0000    0.0000
   1277.78      1460.00      0.00     1.04       0.0000    0.0000
   1279.28      1460.00      0.00     1.04       0.0000    0.0000
   1280.78      1460.00      0.00     1.04       0.0000    0.0000
   1282.28      1460.00      0.00     1.04       0.0000    0.0000
   1283.78      1460.00      0.00     1.04       0.0000    0.0000
   1285.29      1460.00      0.00     1.04       0.0000    0.0000
   1286.79      1460.00      0.00     1.04       0.0000    0.0000
   1288.29      1460.00      0.00     1.04       0.0000    0.0000
   1289.79      1460.00      0.00     1.04       0.0000    0.0000
   1291.29      1460.00      0.00     1.04       0.0000    0.0000
   1292.79      1460.00      0.00     1.04       0.0000    0.0000
   1294.29      1460.00      0.00     1.04       0.0000    0.0000
   1295.80      1460.00      0.00     1.04       0.0000    0.0000
   1297.30      1460.00      0.00     1.04       0.0000    0.0000
   1298.80      1460.00      0.00     1.04       0.0000    0.0000
   1300.30      1460.00      0.00     1.04       0.0000    0.0000
   1301.80      1460.00      0.00     1.04       0.0000    0.0000
   1303.30      1460.00      0.00     1.04       0.0000    0.0000
   1304.80      1460.00      0.00     1.04       0.0000    0.0000
   1306.31      1460.00      0.00     1.04       0.0000    0.0000
   1307.81      1460.00      0.00     1.04       0.0000    0.0000
   1309.31      1460.00      0.00     1.04       0.0000    0.0000
   1310.81      1460.00      0.00     1.04       0.0000    0.0000
   1312.31      1460.00      0.00     1.04       0.0000    0.0000
   1313.81      1460.00      0.00     1.04       0.0000    0.0000
   1315.32      1460.00      0.00     1.04       0.0000    0.0000
   1316.82      1460.00      0.00     1.04       0.0000    0.0000
   1318.32      1460.00      0.00     1.04       0.0000    0.0000
   1319.82      1460.00      0.00     1.04       0.0000    0.0000
   1321.32      1460.00      0.00     1.04       0.0000    0.0000
   1322.82      1460.00      0.00     1.04       0.0000    0.0000
   1324.32      1460.00      0.00     1.04       0.0000    0.0000
   1325.83      1460.00      0.00     1.04       0.0000    0.0000
   1327.33      1460.00      0.00     1.04       0.0000    0.0000
   1328.83      1460.00      0.00     1.04       0.0000    0.0000
   1330.33      1460.00      0.00     1.04       0.0000    0.0000
   1331.83      1460.00      0.00     1.04       0.0000    0.0000
   1333.33      1460.00      0.00     1.04       0.0000    0.0000
   1334.83      1460.00      0.00     1.04       0.0000    0.0000
   1336.34      1460.00      0.00     1.04       0.0000    0.0000
   1337.84      1460.00      0.00     1.04       0.0000    0.0000
   1339.34      1460.00      0.00     1.04       0.0000    0.0000
   1340.84      1460.00      0.00     1.04       0.0000    0.0000
   1342.34      1460.00      0.00     1.04       0.0000    0.0000
   1343.84      1460.00      0.00     1.04       0.0000    0.0000
   1345.35      1460.00      0.00     1.04       0.0000    0.0000
   1346.85      1460.00      0.00     1.04       0.0000    0.0000
   1348.35      1460.00      0.00     1.04       0.0000    0.0000
   1349.85      1460.00      0.00     1.04       0.0000    0.0000
   1351.35      1460.00      0.00     1.04       0.0000    0.0000
   1352.85      1460.00      0.00     1.04       0.0000    0.0000
   1354.35      1460.00      0.00     1.04       0.0000    0.0000
   1355.86      1460.00      0.00     1.04       0.0000    0.0000
   1357.36      1460.00      0.00     1.04       0.0000    0.0000
   1358.86      1460.00      0.00     1.04       0.0000    0.0000
   1360.36      1460.00      0.00     1.04       0.0000    0.0000
   1361.86      1460.00      0.00     1.04       0.0000    0.0000
   1363.36      1460.00      0.00     1.04       0.0000    0.0000
   1364.86      1460.00      0.00     1.04       0.0000    0.0000
   1366.37      1460.00      0.00     1.04       0.0000    0.0000
   1367.87      1460.00      0.00     1.04       0.0000    0.0000
   1369.37      1460.00      0.00     1.04       0.0000    0.0000
   1370.87      1460.00      0.00     1.04       0.0000    0.0000
   1372.37      1460.00      0.00     1.04       0.0000    0.0000
   1373.87      1460.00      0.00     1.04       0.0000    0.0000
   1375.38      1460.00      0.00     1.04       0.0000    0.0000
   1376.88      1460.00      0.00     1.04       0.0000    0.0000
   1378.38      1460.00      0.00     1.04       0.0000    0.0000
   1379.88      1460.00      0.00     1.04       0.0000    0.0000
   1381.38      1460.00      0.00     1.04       0.0000    0.0000
   1382.88      1460.00      0.00     1.04       0.0000    0.0000
   1384.38      1460.00      0.00     1.04       0.0000    0.0000
   1385.89      1460.00      0.00     1.04       0.0000    0.0000
   1387.39      1460.00      0.00     1.04       0.0000    0.0000
   1388.89      1460.00      0.00     1.04       0.0000    0.0000
   1390.39      1460.00      0.00     1.04       0.0000    0.0000
   1391.89      1460.00      0.00     1.04       0.0000    0.0000
   1393.39      1460.00      0.00     1.04       0.0000    0.0000
   1394.89      1460.00      0.00     1.04       0.0000    0.0000
   1396.40      1460.00      0.00     1.04       0.0000    0.0000
   1397.90      1460.00      0.00     1.04       0.0000    0.0000
   1399.40      1460.00      0.00     1.04       0.0000    0.0000
   1400.90      1460.00      0.00     1.04       0.0000    0.0000
   1402.40      1460.00      0.00     1.04       0.0000    0.0000
   1403.90      1460.00      0.00     1.04       0.0000    0.0000
   1405.41      1460.00      0.00     1.04       0.0000    0.0000
   1406.91      1460.00      0.00     1.04       0.0000    0.0000
   1408.41      1460.00      0.00     1.04       0.0000    0.0000
   1409.91      1460.00      0.00     1.04       0.0000    0.0000
   1411.41      1460.00      0.00     1.04       0.0000    0.0000
   1412.91      1460.00      0.00     1.04       0.0000    0.0000
   1414.41      1460.00      0.00     1.04       0.0000    0.0000
   1415.92      1460.00      0.00     1.04       0.0000    0.0000
   1417.42      1460.00      0.00     1.04       0.0000    0.0000
   1418.92      1460.00      0.00     1.04       0.0000    0.0000
   1420.42      1460.00      0.00     1.04       0.0000    0.0000
   1421.92      1460.00      0.00     1.04       0.0000    0.0000
   1423.42      1460.00      0.00     1.04       0.0000    0.0000
   1424.92      1460.00      0.00     1.04       0.0000    0.0000
   1426.43      1460.00      0.00     1.04       0.0000    0.0000
   1427.93      1460.00      0.00     1.04       0.0000    0.0000
   1429.43      1460.00      0.00     1.04       0.0000    0.0000
   1430.93      1460.00      0.00     1.04       0.0000    0.0000
   1432.43      1460.00      0.00     1.04       0.0000    0.0000
   1433.93      1460.00      0.00     1.04       0.0000    0.0000
   1435.44      1460.00      0.00     1.04       0.0000    0.0000
   1436.94      1460.00      0.00     1.04       0.0000    0.0000
   1438.44      1460.00      0.00     1.04       0.0000    0.0000
   1439.94      1460.00      0.00     1.04       0.0000    0.0000
   1441.44      1460.00      0.00     1.04       0.0000    0.0000
   1442.94      1460.00      0.00     1.04       0.0000    0.0000
   1444.44      1460.00      0.00     1.04       0.0000    0.0000
   1445.95      1460.00      0.00     1.04       0.0000    0.0000
   1447.45      1460.00      0.00     1.04       0.0000    0.0000
   1448.95      1460.00      0.00     1.04       0.0000    0.0000
   1450.45      1460.00      0.00     1.04       0.0000    0.0000
   1451.95      1460.00      0.00     1.04       0.0000    0.0000
   1453.45      1460.00      0.00     1.04       0.0000    0.0000
   1454.95      1460.00      0.00     1.04       0.0000    0.0000
   1456.46      1460.00      0.00     1.04       0.0000    0.0000
   1457.96      1460.00      0.00     1.04       0.0000    0.0000
   1459.46      1460.00      0.00     1.04       0.0000    0.0000
   1460.96      1460.00      0.00     1.04       0.0000    0.0000
   1462.46      1460.00      0.00     1.04       0.0000    0.0000
   1463.96      1460.00      0.00     1.04       0.0000    0.0000
   1465.47      1460.00      0.00     1.04       0.0000    0.0000
   1466.97      1460.00      0.00     1.04       0.0000    0.0000
   1468.47      1460.00      0.00     1.04       0.0000    0.0000
   1469.97      1460.00      0.00     1.04       0.0000    0.0000
   1471.47      1460.00      0.00     1.04       0.0000    0.0000
   1472.97      1460.00      0.00     1.04       0.0000    0.0000
   1474.47      1460.00      0.00     1.04       0.0000    0.0000
   1475.98      1460.00      0.00     1.04       0.0000    0.0000
   1477.48      1460.00      0.00     1.04       0.0000    0.0000
   1478.98      1460.00      0.00     1.04       0.0000    0.0000
   1480.48      1460.00      0.00     1.04       0.0000    0.0000
   1481.98      1460.00      0.00     1.04       0.0000    0.0000
   1483.48      1460.00      0.00     1.04       0.0000    0.0000
   1484.98      1460.00      0.00     1.04       0.0000    0.0000
   1486.49      1460.00      0.00     1.04       0.0000    0.0000
   1487.99      1460.00      0.00     1.04       0.0000    0.0000
   1489.49      1460.00      0.00     1.04       0.0000    0.0000
   1490.99      1460.00      0.00     1.04       0.0000    0.0000
   1492.49      1460.00      0.00     1.04       0.0000    0.0000
   1493.99      1460.00      0.00     1.04       0.0000    0.0000
   1495.50      1460.00      0.00     1.04       0.0000    0.0000
   1497.00      1460.00      0.00     1.04       0.0000    0.0000
   1498.50      1460.00      0.00     1.04       0.0000    0.0000
   1500.00      1460.00      0.00     1.04       0.0000    0.0000
        ( Number mesh points auto calc. =         1849  )

                              ( RMS roughness =   0.00     m )
     ACOUSTO-ELASTIC half-space
   1500.00      3710.84      0.00     2.59       0.1000    0.0000

 cLow =   0.0000     m/s      cHigh =  0.10000E+09 m/s
 RMax =   0.0000     km

 __________________________________________________________________________

 Number of Source   depths, Sz =            2
 Source   depths, Sz (m)
   25.0000       250.000    


 __________________________________________________________________________

 Number of Receiver depths, Rz =         1001
 Receiver depths, Rz (m)
   0.00000       1.50000       3.00000       4.50000       6.00000    
   7.50000       9.00000       10.5000       12.0000       13.5000    
          ... 
   1500.00    


 Mesh multiplier   CPU seconds
                --- Number of modes =          186
        1            0.104E-01s

    I    k (1/m)            alpha (1/m)   Phase Speed (m/s) Group Speed (m/s)
    1  0.3873140321     -0.7114739847E-09   1460.021148       1459.979085    
    7  0.3870446475     -0.3461767579E-07   1461.037328       1458.974676    
   13  0.3863703352     -0.1173508923E-06   1463.587201       1456.459655    
   19  0.3852889001     -0.2440652240E-06   1467.695222       1452.423850    
   25  0.3837968075     -0.4080255556E-06   1473.401202       1446.851285    
   31  0.3818891460     -0.6016845583E-06   1480.761324       1439.720444    
   37  0.3795595686     -0.8177008486E-06   1489.849616       1431.004427    
   43  0.3768002053     -0.1049711364E-05   1500.760004       1420.670904    
   49  0.3736015413     -0.1292791387E-05   1513.609060       1408.681826    
   55  0.3699522551     -0.1543634786E-05   1528.539615       1394.992862    
   61  0.3658390082     -0.1800539268E-05   1545.725483       1379.552587    
   67  0.3612461769     -0.2063291343E-05   1565.377612       1362.301403    
   73  0.3561555141     -0.2333031172E-05   1587.752134       1343.170178    
   79  0.3505457204     -0.2612156171E-05   1613.160979       1322.078549    
   85  0.3443919021     -0.2904305362E-05   1641.985988       1298.932805    
   91  0.3376648767     -0.3214459493E-05   1674.697953       1273.623222    
   97  0.3303302764     -0.3549197620E-05   1711.882676       1246.020642    
  103  0.3223473738     -0.3917172689E-05   1754.277291       1215.972035    
  109  0.3136675184     -0.4329915010E-05   1802.821920       1183.294604    
  115  0.3042320170     -0.4803163053E-05   1858.734933       1147.767825    
  121  0.2939691948     -0.5359101352E-05   1923.625630       1109.122426    
  127  0.2827902159     -0.6030265068E-05   1999.668468       1067.024756    
  133  0.2705829539     -0.6866732281E-05   2089.882860       1021.053902    
  139  0.2572026725     -0.7950369906E-05   2198.603429       970.6670256    
  145  0.2424572101     -0.9425912555E-05   2332.315369       915.1445409    
  151  0.2260820983     -0.1157841785E-04   2501.244821       853.4988956    
  157  0.2076957352     -0.1506821533E-04   2722.668701       784.3133213    
  163  0.1867108493     -0.2191953893E-04   3028.676050       705.4377359    
  169  0.1621360465     -0.4372618594E-04   3487.729533       613.3096713    
  175  0.1319483617     -0.1553225746E-03   4285.666531       497.8427828    
  181  0.9062392767E-01 -0.3580200300E-03   6239.926829       341.6902908    
 _________________________________________________

 End of environmental file
