 _________________________________________________

 KRAKEN- BBMunk profile                                                          
 Nominal Frequency =   50.00    Hz
 NMedia    =   1


     N2-Linear approximation to SSP
     Attenuation units: dB/wavelength


   z (m)     alphaR (m/s)   betaR  rho (g/cm^3)  alphaI     betaI

     VACUUM

       ( # mesh points =     0  RMS roughness =   0.00     m )
      0.00      1548.52      0.00     1.00       0.0000    0.0000
    200.00      1530.29      0.00     1.00       0.0000    0.0000
    250.00      1526.69      0.00     1.00       0.0000    0.0000
    400.00      1517.78      0.00     1.00       0.0000    0.0000
    600.00      1509.49      0.00     1.00       0.0000    0.0000
    800.00      1504.30      0.00     1.00       0.0000    0.0000
   1000.00      1501.38      0.00     1.00       0.0000    0.0000
   1200.00      1500.14      0.00     1.00       0.0000    0.0000
   1400.00      1500.12      0.00     1.00       0.0000    0.0000
   1600.00      1501.02      0.00     1.00       0.0000    0.0000
   1800.00      1502.57      0.00     1.00       0.0000    0.0000
   2000.00      1504.62      0.00     1.00       0.0000    0.0000
   2200.00      1507.02      0.00     1.00       0.0000    0.0000
   2400.00      1509.69      0.00     1.00       0.0000    0.0000
   2600.00      1512.55      0.00     1.00       0.0000    0.0000
   2800.00      1515.56      0.00     1.00       0.0000    0.0000
   3000.00      1518.67      0.00     1.00       0.0000    0.0000
   3200.00      1521.85      0.00     1.00       0.0000    0.0000
   3400.00      1525.10      0.00     1.00       0.0000    0.0000
   3600.00      1528.38      0.00     1.00       0.0000    0.0000
   3800.00      1531.70      0.00     1.00       0.0000    0.0000
   4000.00      1535.04      0.00     1.00       0.0000    0.0000
   4200.00      1538.39      0.00     1.00       0.0000    0.0000
   4400.00      1541.76      0.00     1.00       0.0000    0.0000
   4600.00      1545.14      0.00     1.00       0.0000    0.0000
   4800.00      1548.52      0.00     1.00       0.0000    0.0000
   5000.00      1551.91      0.00     1.00       0.0000    0.0000
        ( Number mesh points auto calc. =         3221  )

                              ( RMS roughness =   0.00     m )
     ACOUSTO-ELASTIC half-space
   5000.00      1600.00      0.00     1.80       0.8000    0.0000

 cLow =   1500.0     m/s      cHigh =   1600.0     m/s
 RMax =   0.0000     km

 __________________________________________________________________________

 Number of Source   depths, Sz =            2
 Source   depths, Sz (m)
   25.0000       250.000    


 __________________________________________________________________________

 Number of Receiver depths, Rz =         1001
 Receiver depths, Rz (m)
   0.00000       5.00000       10.0000       15.0000       20.0000    
   25.0000       30.0000       35.0000       40.0000       45.0000    
          ... 
   5000.00    


 Mesh multiplier   CPU seconds
                --- Number of modes =          102
        1            0.127E-01s

    I    k (1/m)            alpha (1/m)   Phase Speed (m/s) Group Speed (m/s)
    1  0.2093615222     -0.9005922602E-33   1500.558756       1500.086278    
    4  0.2089712646     -0.8021686684E-30   1503.361077       1500.111705    
    7  0.2085897230     -0.2277028511E-32   1506.110947       1500.253399    
   10  0.2082127140     -0.2870579372E-32   1508.838050       1500.369018    
   13  0.2078475081     -0.1589838867E-29   1511.489208       1500.570429    
   16  0.2074856482     -0.6626591454E-30   1514.125281       1500.718948    
   19  0.2071309623     -0.4796764753E-32   1516.718032       1501.099925    
   22  0.2067852621     -0.5228384386E-32   1519.253656       1501.413280    
   25  0.2064447582     -0.2955227233E-29   1521.759468       1501.628404    
   28  0.2061086366     -0.9868494649E-30   1524.241151       1501.979128    
   31  0.2057782029     -0.3057999052E-33   1526.688741       1502.383753    
   34  0.2054539890     -0.1421759865E-32   1529.097911       1502.831679    
   37  0.2051344776     -0.2022199605E-29   1531.479588       1503.109541    
   40  0.2048179923     -0.4874185138E-25   1533.846035       1503.452000    
   43  0.2045056930     -0.2820739000E-21   1536.188361       1503.856076    
   46  0.2041974360     -0.6716904471E-18   1538.507395       1504.247448    
   49  0.2038927078     -0.7660245186E-15   1540.806774       1504.644843    
   52  0.2035916328     -0.4021575623E-12   1543.085347       1504.985075    
   55  0.2032930717     -0.9307232408E-10   1545.351559       1505.246839    
   58  0.2029966926     -0.8423602880E-08   1547.607803       1505.460909    
   61  0.2027007517     -0.2282390967E-06   1549.867293       1505.263728    
   64  0.2023959306     -0.1386821534E-05   1552.201492       1503.009476    
   67  0.2020660386     -0.2961982456E-05   1554.735608       1499.204160    
   70  0.2017076664     -0.4251820958E-05   1557.497892       1495.399125    
   73  0.2013236280     -0.5291060103E-05   1560.468925       1491.740862    
   76  0.2009160677     -0.6189755081E-05   1563.634352       1488.116631    
   79  0.2004860219     -0.7019251258E-05   1566.988374       1484.463097    
   82  0.2000341719     -0.7829917828E-05   1570.527987       1480.758331    
   85  0.1995611486     -0.8653895138E-05   1574.250637       1476.963719    
   88  0.1990670557     -0.9529242345E-05   1578.157994       1473.070819    
   91  0.1985524731     -0.1050042352E-04   1582.248060       1469.053393    
   94  0.1980171441     -0.1160090895E-04   1586.525585       1464.861008    
   97  0.1974613961     -0.1286711709E-04   1590.990804       1460.452422    
  100  0.1968851154     -0.1434555754E-04   1595.647618       1455.766561    
 _________________________________________________

 End of environmental file
